ARM GAS  C:\Users\strag\AppData\Local\Temp\ccnVR8cw.s 			page 1


   1              		.syntax unified
   2              		.cpu cortex-m0
   3              		.fpu softvfp
   4              		.eabi_attribute 20, 1
   5              		.eabi_attribute 21, 1
   6              		.eabi_attribute 23, 3
   7              		.eabi_attribute 24, 1
   8              		.eabi_attribute 25, 1
   9              		.eabi_attribute 26, 1
  10              		.eabi_attribute 30, 1
  11              		.eabi_attribute 34, 0
  12              		.eabi_attribute 18, 4
  13              		.thumb
  14              		.syntax unified
  15              		.file	"stm32f0xx_ll_pwr.c"
  16              		.text
  17              	.Ltext0:
  18              		.cfi_sections	.debug_frame
  19              		.section	.text.LL_PWR_DeInit,"ax",%progbits
  20              		.align	2
  21              		.global	LL_PWR_DeInit
  22              		.code	16
  23              		.thumb_func
  25              	LL_PWR_DeInit:
  26              	.LFB63:
  27              		.file 1 "Drivers/STM32F0xx_HAL_Driver/Src/stm32f0xx_ll_pwr.c"
   1:Drivers/STM32F0xx_HAL_Driver/Src/stm32f0xx_ll_pwr.c **** /**
   2:Drivers/STM32F0xx_HAL_Driver/Src/stm32f0xx_ll_pwr.c ****   ******************************************************************************
   3:Drivers/STM32F0xx_HAL_Driver/Src/stm32f0xx_ll_pwr.c ****   * @file    stm32f0xx_ll_pwr.c
   4:Drivers/STM32F0xx_HAL_Driver/Src/stm32f0xx_ll_pwr.c ****   * @author  MCD Application Team
   5:Drivers/STM32F0xx_HAL_Driver/Src/stm32f0xx_ll_pwr.c ****   * @brief   PWR LL module driver.
   6:Drivers/STM32F0xx_HAL_Driver/Src/stm32f0xx_ll_pwr.c ****   ******************************************************************************
   7:Drivers/STM32F0xx_HAL_Driver/Src/stm32f0xx_ll_pwr.c ****   * @attention
   8:Drivers/STM32F0xx_HAL_Driver/Src/stm32f0xx_ll_pwr.c ****   *
   9:Drivers/STM32F0xx_HAL_Driver/Src/stm32f0xx_ll_pwr.c ****   * <h2><center>&copy; COPYRIGHT(c) 2016 STMicroelectronics</center></h2>
  10:Drivers/STM32F0xx_HAL_Driver/Src/stm32f0xx_ll_pwr.c ****   *
  11:Drivers/STM32F0xx_HAL_Driver/Src/stm32f0xx_ll_pwr.c ****   * Redistribution and use in source and binary forms, with or without modification,
  12:Drivers/STM32F0xx_HAL_Driver/Src/stm32f0xx_ll_pwr.c ****   * are permitted provided that the following conditions are met:
  13:Drivers/STM32F0xx_HAL_Driver/Src/stm32f0xx_ll_pwr.c ****   *   1. Redistributions of source code must retain the above copyright notice,
  14:Drivers/STM32F0xx_HAL_Driver/Src/stm32f0xx_ll_pwr.c ****   *      this list of conditions and the following disclaimer.
  15:Drivers/STM32F0xx_HAL_Driver/Src/stm32f0xx_ll_pwr.c ****   *   2. Redistributions in binary form must reproduce the above copyright notice,
  16:Drivers/STM32F0xx_HAL_Driver/Src/stm32f0xx_ll_pwr.c ****   *      this list of conditions and the following disclaimer in the documentation
  17:Drivers/STM32F0xx_HAL_Driver/Src/stm32f0xx_ll_pwr.c ****   *      and/or other materials provided with the distribution.
  18:Drivers/STM32F0xx_HAL_Driver/Src/stm32f0xx_ll_pwr.c ****   *   3. Neither the name of STMicroelectronics nor the names of its contributors
  19:Drivers/STM32F0xx_HAL_Driver/Src/stm32f0xx_ll_pwr.c ****   *      may be used to endorse or promote products derived from this software
  20:Drivers/STM32F0xx_HAL_Driver/Src/stm32f0xx_ll_pwr.c ****   *      without specific prior written permission.
  21:Drivers/STM32F0xx_HAL_Driver/Src/stm32f0xx_ll_pwr.c ****   *
  22:Drivers/STM32F0xx_HAL_Driver/Src/stm32f0xx_ll_pwr.c ****   * THIS SOFTWARE IS PROVIDED BY THE COPYRIGHT HOLDERS AND CONTRIBUTORS "AS IS"
  23:Drivers/STM32F0xx_HAL_Driver/Src/stm32f0xx_ll_pwr.c ****   * AND ANY EXPRESS OR IMPLIED WARRANTIES, INCLUDING, BUT NOT LIMITED TO, THE
  24:Drivers/STM32F0xx_HAL_Driver/Src/stm32f0xx_ll_pwr.c ****   * IMPLIED WARRANTIES OF MERCHANTABILITY AND FITNESS FOR A PARTICULAR PURPOSE ARE
  25:Drivers/STM32F0xx_HAL_Driver/Src/stm32f0xx_ll_pwr.c ****   * DISCLAIMED. IN NO EVENT SHALL THE COPYRIGHT HOLDER OR CONTRIBUTORS BE LIABLE
  26:Drivers/STM32F0xx_HAL_Driver/Src/stm32f0xx_ll_pwr.c ****   * FOR ANY DIRECT, INDIRECT, INCIDENTAL, SPECIAL, EXEMPLARY, OR CONSEQUENTIAL
  27:Drivers/STM32F0xx_HAL_Driver/Src/stm32f0xx_ll_pwr.c ****   * DAMAGES (INCLUDING, BUT NOT LIMITED TO, PROCUREMENT OF SUBSTITUTE GOODS OR
  28:Drivers/STM32F0xx_HAL_Driver/Src/stm32f0xx_ll_pwr.c ****   * SERVICES; LOSS OF USE, DATA, OR PROFITS; OR BUSINESS INTERRUPTION) HOWEVER
  29:Drivers/STM32F0xx_HAL_Driver/Src/stm32f0xx_ll_pwr.c ****   * CAUSED AND ON ANY THEORY OF LIABILITY, WHETHER IN CONTRACT, STRICT LIABILITY,
  30:Drivers/STM32F0xx_HAL_Driver/Src/stm32f0xx_ll_pwr.c ****   * OR TORT (INCLUDING NEGLIGENCE OR OTHERWISE) ARISING IN ANY WAY OUT OF THE USE
  31:Drivers/STM32F0xx_HAL_Driver/Src/stm32f0xx_ll_pwr.c ****   * OF THIS SOFTWARE, EVEN IF ADVISED OF THE POSSIBILITY OF SUCH DAMAGE.
ARM GAS  C:\Users\strag\AppData\Local\Temp\ccnVR8cw.s 			page 2


  32:Drivers/STM32F0xx_HAL_Driver/Src/stm32f0xx_ll_pwr.c ****   *
  33:Drivers/STM32F0xx_HAL_Driver/Src/stm32f0xx_ll_pwr.c ****   ******************************************************************************
  34:Drivers/STM32F0xx_HAL_Driver/Src/stm32f0xx_ll_pwr.c ****   */
  35:Drivers/STM32F0xx_HAL_Driver/Src/stm32f0xx_ll_pwr.c **** #if defined(USE_FULL_LL_DRIVER)
  36:Drivers/STM32F0xx_HAL_Driver/Src/stm32f0xx_ll_pwr.c **** 
  37:Drivers/STM32F0xx_HAL_Driver/Src/stm32f0xx_ll_pwr.c **** /* Includes ------------------------------------------------------------------*/
  38:Drivers/STM32F0xx_HAL_Driver/Src/stm32f0xx_ll_pwr.c **** #include "stm32f0xx_ll_pwr.h"
  39:Drivers/STM32F0xx_HAL_Driver/Src/stm32f0xx_ll_pwr.c **** #include "stm32f0xx_ll_bus.h"
  40:Drivers/STM32F0xx_HAL_Driver/Src/stm32f0xx_ll_pwr.c **** 
  41:Drivers/STM32F0xx_HAL_Driver/Src/stm32f0xx_ll_pwr.c **** /** @addtogroup STM32F0xx_LL_Driver
  42:Drivers/STM32F0xx_HAL_Driver/Src/stm32f0xx_ll_pwr.c ****   * @{
  43:Drivers/STM32F0xx_HAL_Driver/Src/stm32f0xx_ll_pwr.c ****   */
  44:Drivers/STM32F0xx_HAL_Driver/Src/stm32f0xx_ll_pwr.c **** 
  45:Drivers/STM32F0xx_HAL_Driver/Src/stm32f0xx_ll_pwr.c **** #if defined(PWR)
  46:Drivers/STM32F0xx_HAL_Driver/Src/stm32f0xx_ll_pwr.c **** 
  47:Drivers/STM32F0xx_HAL_Driver/Src/stm32f0xx_ll_pwr.c **** /** @defgroup PWR_LL PWR
  48:Drivers/STM32F0xx_HAL_Driver/Src/stm32f0xx_ll_pwr.c ****   * @{
  49:Drivers/STM32F0xx_HAL_Driver/Src/stm32f0xx_ll_pwr.c ****   */
  50:Drivers/STM32F0xx_HAL_Driver/Src/stm32f0xx_ll_pwr.c **** 
  51:Drivers/STM32F0xx_HAL_Driver/Src/stm32f0xx_ll_pwr.c **** /* Private types -------------------------------------------------------------*/
  52:Drivers/STM32F0xx_HAL_Driver/Src/stm32f0xx_ll_pwr.c **** /* Private variables ---------------------------------------------------------*/
  53:Drivers/STM32F0xx_HAL_Driver/Src/stm32f0xx_ll_pwr.c **** /* Private constants ---------------------------------------------------------*/
  54:Drivers/STM32F0xx_HAL_Driver/Src/stm32f0xx_ll_pwr.c **** /* Private macros ------------------------------------------------------------*/
  55:Drivers/STM32F0xx_HAL_Driver/Src/stm32f0xx_ll_pwr.c **** /* Private function prototypes -----------------------------------------------*/
  56:Drivers/STM32F0xx_HAL_Driver/Src/stm32f0xx_ll_pwr.c **** 
  57:Drivers/STM32F0xx_HAL_Driver/Src/stm32f0xx_ll_pwr.c **** /* Exported functions --------------------------------------------------------*/
  58:Drivers/STM32F0xx_HAL_Driver/Src/stm32f0xx_ll_pwr.c **** /** @addtogroup PWR_LL_Exported_Functions
  59:Drivers/STM32F0xx_HAL_Driver/Src/stm32f0xx_ll_pwr.c ****   * @{
  60:Drivers/STM32F0xx_HAL_Driver/Src/stm32f0xx_ll_pwr.c ****   */
  61:Drivers/STM32F0xx_HAL_Driver/Src/stm32f0xx_ll_pwr.c **** 
  62:Drivers/STM32F0xx_HAL_Driver/Src/stm32f0xx_ll_pwr.c **** /** @addtogroup PWR_LL_EF_Init
  63:Drivers/STM32F0xx_HAL_Driver/Src/stm32f0xx_ll_pwr.c ****   * @{
  64:Drivers/STM32F0xx_HAL_Driver/Src/stm32f0xx_ll_pwr.c ****   */
  65:Drivers/STM32F0xx_HAL_Driver/Src/stm32f0xx_ll_pwr.c **** 
  66:Drivers/STM32F0xx_HAL_Driver/Src/stm32f0xx_ll_pwr.c **** /**
  67:Drivers/STM32F0xx_HAL_Driver/Src/stm32f0xx_ll_pwr.c ****   * @brief  De-initialize the PWR registers to their default reset values.
  68:Drivers/STM32F0xx_HAL_Driver/Src/stm32f0xx_ll_pwr.c ****   * @retval An ErrorStatus enumeration value:
  69:Drivers/STM32F0xx_HAL_Driver/Src/stm32f0xx_ll_pwr.c ****   *          - SUCCESS: PWR registers are de-initialized
  70:Drivers/STM32F0xx_HAL_Driver/Src/stm32f0xx_ll_pwr.c ****   *          - ERROR: not applicable
  71:Drivers/STM32F0xx_HAL_Driver/Src/stm32f0xx_ll_pwr.c ****   */
  72:Drivers/STM32F0xx_HAL_Driver/Src/stm32f0xx_ll_pwr.c **** ErrorStatus LL_PWR_DeInit(void)
  73:Drivers/STM32F0xx_HAL_Driver/Src/stm32f0xx_ll_pwr.c **** {
  28              		.loc 1 73 0
  29              		.cfi_startproc
  30              		@ args = 0, pretend = 0, frame = 0
  31              		@ frame_needed = 0, uses_anonymous_args = 0
  32              		@ link register save eliminated.
  33              	.LVL0:
  34              	.LBB6:
  35              	.LBB7:
  36              		.file 2 "Drivers/STM32F0xx_HAL_Driver/Inc/stm32f0xx_ll_bus.h"
   1:Drivers/STM32F0xx_HAL_Driver/Inc/stm32f0xx_ll_bus.h **** /**
   2:Drivers/STM32F0xx_HAL_Driver/Inc/stm32f0xx_ll_bus.h ****   ******************************************************************************
   3:Drivers/STM32F0xx_HAL_Driver/Inc/stm32f0xx_ll_bus.h ****   * @file    stm32f0xx_ll_bus.h
   4:Drivers/STM32F0xx_HAL_Driver/Inc/stm32f0xx_ll_bus.h ****   * @author  MCD Application Team
   5:Drivers/STM32F0xx_HAL_Driver/Inc/stm32f0xx_ll_bus.h ****   * @brief   Header file of BUS LL module.
   6:Drivers/STM32F0xx_HAL_Driver/Inc/stm32f0xx_ll_bus.h **** 
ARM GAS  C:\Users\strag\AppData\Local\Temp\ccnVR8cw.s 			page 3


   7:Drivers/STM32F0xx_HAL_Driver/Inc/stm32f0xx_ll_bus.h ****   @verbatim                
   8:Drivers/STM32F0xx_HAL_Driver/Inc/stm32f0xx_ll_bus.h ****                       ##### RCC Limitations #####
   9:Drivers/STM32F0xx_HAL_Driver/Inc/stm32f0xx_ll_bus.h ****   ==============================================================================
  10:Drivers/STM32F0xx_HAL_Driver/Inc/stm32f0xx_ll_bus.h ****     [..]  
  11:Drivers/STM32F0xx_HAL_Driver/Inc/stm32f0xx_ll_bus.h ****       A delay between an RCC peripheral clock enable and the effective peripheral 
  12:Drivers/STM32F0xx_HAL_Driver/Inc/stm32f0xx_ll_bus.h ****       enabling should be taken into account in order to manage the peripheral read/write 
  13:Drivers/STM32F0xx_HAL_Driver/Inc/stm32f0xx_ll_bus.h ****       from/to registers.
  14:Drivers/STM32F0xx_HAL_Driver/Inc/stm32f0xx_ll_bus.h ****       (+) This delay depends on the peripheral mapping.
  15:Drivers/STM32F0xx_HAL_Driver/Inc/stm32f0xx_ll_bus.h ****         (++) AHB & APB peripherals, 1 dummy read is necessary
  16:Drivers/STM32F0xx_HAL_Driver/Inc/stm32f0xx_ll_bus.h **** 
  17:Drivers/STM32F0xx_HAL_Driver/Inc/stm32f0xx_ll_bus.h ****     [..]  
  18:Drivers/STM32F0xx_HAL_Driver/Inc/stm32f0xx_ll_bus.h ****       Workarounds:
  19:Drivers/STM32F0xx_HAL_Driver/Inc/stm32f0xx_ll_bus.h ****       (#) For AHB & APB peripherals, a dummy read to the peripheral register has been
  20:Drivers/STM32F0xx_HAL_Driver/Inc/stm32f0xx_ll_bus.h ****           inserted in each LL_{BUS}_GRP{x}_EnableClock() function.
  21:Drivers/STM32F0xx_HAL_Driver/Inc/stm32f0xx_ll_bus.h **** 
  22:Drivers/STM32F0xx_HAL_Driver/Inc/stm32f0xx_ll_bus.h ****   @endverbatim
  23:Drivers/STM32F0xx_HAL_Driver/Inc/stm32f0xx_ll_bus.h ****   ******************************************************************************
  24:Drivers/STM32F0xx_HAL_Driver/Inc/stm32f0xx_ll_bus.h ****   * @attention
  25:Drivers/STM32F0xx_HAL_Driver/Inc/stm32f0xx_ll_bus.h ****   *
  26:Drivers/STM32F0xx_HAL_Driver/Inc/stm32f0xx_ll_bus.h ****   * <h2><center>&copy; COPYRIGHT(c) 2016 STMicroelectronics</center></h2>
  27:Drivers/STM32F0xx_HAL_Driver/Inc/stm32f0xx_ll_bus.h ****   *
  28:Drivers/STM32F0xx_HAL_Driver/Inc/stm32f0xx_ll_bus.h ****   * Redistribution and use in source and binary forms, with or without modification,
  29:Drivers/STM32F0xx_HAL_Driver/Inc/stm32f0xx_ll_bus.h ****   * are permitted provided that the following conditions are met:
  30:Drivers/STM32F0xx_HAL_Driver/Inc/stm32f0xx_ll_bus.h ****   *   1. Redistributions of source code must retain the above copyright notice,
  31:Drivers/STM32F0xx_HAL_Driver/Inc/stm32f0xx_ll_bus.h ****   *      this list of conditions and the following disclaimer.
  32:Drivers/STM32F0xx_HAL_Driver/Inc/stm32f0xx_ll_bus.h ****   *   2. Redistributions in binary form must reproduce the above copyright notice,
  33:Drivers/STM32F0xx_HAL_Driver/Inc/stm32f0xx_ll_bus.h ****   *      this list of conditions and the following disclaimer in the documentation
  34:Drivers/STM32F0xx_HAL_Driver/Inc/stm32f0xx_ll_bus.h ****   *      and/or other materials provided with the distribution.
  35:Drivers/STM32F0xx_HAL_Driver/Inc/stm32f0xx_ll_bus.h ****   *   3. Neither the name of STMicroelectronics nor the names of its contributors
  36:Drivers/STM32F0xx_HAL_Driver/Inc/stm32f0xx_ll_bus.h ****   *      may be used to endorse or promote products derived from this software
  37:Drivers/STM32F0xx_HAL_Driver/Inc/stm32f0xx_ll_bus.h ****   *      without specific prior written permission.
  38:Drivers/STM32F0xx_HAL_Driver/Inc/stm32f0xx_ll_bus.h ****   *
  39:Drivers/STM32F0xx_HAL_Driver/Inc/stm32f0xx_ll_bus.h ****   * THIS SOFTWARE IS PROVIDED BY THE COPYRIGHT HOLDERS AND CONTRIBUTORS "AS IS"
  40:Drivers/STM32F0xx_HAL_Driver/Inc/stm32f0xx_ll_bus.h ****   * AND ANY EXPRESS OR IMPLIED WARRANTIES, INCLUDING, BUT NOT LIMITED TO, THE
  41:Drivers/STM32F0xx_HAL_Driver/Inc/stm32f0xx_ll_bus.h ****   * IMPLIED WARRANTIES OF MERCHANTABILITY AND FITNESS FOR A PARTICULAR PURPOSE ARE
  42:Drivers/STM32F0xx_HAL_Driver/Inc/stm32f0xx_ll_bus.h ****   * DISCLAIMED. IN NO EVENT SHALL THE COPYRIGHT HOLDER OR CONTRIBUTORS BE LIABLE
  43:Drivers/STM32F0xx_HAL_Driver/Inc/stm32f0xx_ll_bus.h ****   * FOR ANY DIRECT, INDIRECT, INCIDENTAL, SPECIAL, EXEMPLARY, OR CONSEQUENTIAL
  44:Drivers/STM32F0xx_HAL_Driver/Inc/stm32f0xx_ll_bus.h ****   * DAMAGES (INCLUDING, BUT NOT LIMITED TO, PROCUREMENT OF SUBSTITUTE GOODS OR
  45:Drivers/STM32F0xx_HAL_Driver/Inc/stm32f0xx_ll_bus.h ****   * SERVICES; LOSS OF USE, DATA, OR PROFITS; OR BUSINESS INTERRUPTION) HOWEVER
  46:Drivers/STM32F0xx_HAL_Driver/Inc/stm32f0xx_ll_bus.h ****   * CAUSED AND ON ANY THEORY OF LIABILITY, WHETHER IN CONTRACT, STRICT LIABILITY,
  47:Drivers/STM32F0xx_HAL_Driver/Inc/stm32f0xx_ll_bus.h ****   * OR TORT (INCLUDING NEGLIGENCE OR OTHERWISE) ARISING IN ANY WAY OUT OF THE USE
  48:Drivers/STM32F0xx_HAL_Driver/Inc/stm32f0xx_ll_bus.h ****   * OF THIS SOFTWARE, EVEN IF ADVISED OF THE POSSIBILITY OF SUCH DAMAGE.
  49:Drivers/STM32F0xx_HAL_Driver/Inc/stm32f0xx_ll_bus.h ****   *
  50:Drivers/STM32F0xx_HAL_Driver/Inc/stm32f0xx_ll_bus.h ****   ******************************************************************************
  51:Drivers/STM32F0xx_HAL_Driver/Inc/stm32f0xx_ll_bus.h ****   */
  52:Drivers/STM32F0xx_HAL_Driver/Inc/stm32f0xx_ll_bus.h **** 
  53:Drivers/STM32F0xx_HAL_Driver/Inc/stm32f0xx_ll_bus.h **** /* Define to prevent recursive inclusion -------------------------------------*/
  54:Drivers/STM32F0xx_HAL_Driver/Inc/stm32f0xx_ll_bus.h **** #ifndef __STM32F0xx_LL_BUS_H
  55:Drivers/STM32F0xx_HAL_Driver/Inc/stm32f0xx_ll_bus.h **** #define __STM32F0xx_LL_BUS_H
  56:Drivers/STM32F0xx_HAL_Driver/Inc/stm32f0xx_ll_bus.h **** 
  57:Drivers/STM32F0xx_HAL_Driver/Inc/stm32f0xx_ll_bus.h **** #ifdef __cplusplus
  58:Drivers/STM32F0xx_HAL_Driver/Inc/stm32f0xx_ll_bus.h **** extern "C" {
  59:Drivers/STM32F0xx_HAL_Driver/Inc/stm32f0xx_ll_bus.h **** #endif
  60:Drivers/STM32F0xx_HAL_Driver/Inc/stm32f0xx_ll_bus.h **** 
  61:Drivers/STM32F0xx_HAL_Driver/Inc/stm32f0xx_ll_bus.h **** /* Includes ------------------------------------------------------------------*/
  62:Drivers/STM32F0xx_HAL_Driver/Inc/stm32f0xx_ll_bus.h **** #include "stm32f0xx.h"
  63:Drivers/STM32F0xx_HAL_Driver/Inc/stm32f0xx_ll_bus.h **** 
ARM GAS  C:\Users\strag\AppData\Local\Temp\ccnVR8cw.s 			page 4


  64:Drivers/STM32F0xx_HAL_Driver/Inc/stm32f0xx_ll_bus.h **** /** @addtogroup STM32F0xx_LL_Driver
  65:Drivers/STM32F0xx_HAL_Driver/Inc/stm32f0xx_ll_bus.h ****   * @{
  66:Drivers/STM32F0xx_HAL_Driver/Inc/stm32f0xx_ll_bus.h ****   */
  67:Drivers/STM32F0xx_HAL_Driver/Inc/stm32f0xx_ll_bus.h **** 
  68:Drivers/STM32F0xx_HAL_Driver/Inc/stm32f0xx_ll_bus.h **** #if defined(RCC)
  69:Drivers/STM32F0xx_HAL_Driver/Inc/stm32f0xx_ll_bus.h **** 
  70:Drivers/STM32F0xx_HAL_Driver/Inc/stm32f0xx_ll_bus.h **** /** @defgroup BUS_LL BUS
  71:Drivers/STM32F0xx_HAL_Driver/Inc/stm32f0xx_ll_bus.h ****   * @{
  72:Drivers/STM32F0xx_HAL_Driver/Inc/stm32f0xx_ll_bus.h ****   */
  73:Drivers/STM32F0xx_HAL_Driver/Inc/stm32f0xx_ll_bus.h **** 
  74:Drivers/STM32F0xx_HAL_Driver/Inc/stm32f0xx_ll_bus.h **** /* Private types -------------------------------------------------------------*/
  75:Drivers/STM32F0xx_HAL_Driver/Inc/stm32f0xx_ll_bus.h **** /* Private variables ---------------------------------------------------------*/
  76:Drivers/STM32F0xx_HAL_Driver/Inc/stm32f0xx_ll_bus.h **** 
  77:Drivers/STM32F0xx_HAL_Driver/Inc/stm32f0xx_ll_bus.h **** /* Private constants ---------------------------------------------------------*/
  78:Drivers/STM32F0xx_HAL_Driver/Inc/stm32f0xx_ll_bus.h **** 
  79:Drivers/STM32F0xx_HAL_Driver/Inc/stm32f0xx_ll_bus.h **** /* Private macros ------------------------------------------------------------*/
  80:Drivers/STM32F0xx_HAL_Driver/Inc/stm32f0xx_ll_bus.h **** 
  81:Drivers/STM32F0xx_HAL_Driver/Inc/stm32f0xx_ll_bus.h **** /* Exported types ------------------------------------------------------------*/
  82:Drivers/STM32F0xx_HAL_Driver/Inc/stm32f0xx_ll_bus.h **** /* Exported constants --------------------------------------------------------*/
  83:Drivers/STM32F0xx_HAL_Driver/Inc/stm32f0xx_ll_bus.h **** /** @defgroup BUS_LL_Exported_Constants BUS Exported Constants
  84:Drivers/STM32F0xx_HAL_Driver/Inc/stm32f0xx_ll_bus.h ****   * @{
  85:Drivers/STM32F0xx_HAL_Driver/Inc/stm32f0xx_ll_bus.h ****   */
  86:Drivers/STM32F0xx_HAL_Driver/Inc/stm32f0xx_ll_bus.h **** 
  87:Drivers/STM32F0xx_HAL_Driver/Inc/stm32f0xx_ll_bus.h **** /** @defgroup BUS_LL_EC_AHB1_GRP1_PERIPH  AHB1 GRP1 PERIPH
  88:Drivers/STM32F0xx_HAL_Driver/Inc/stm32f0xx_ll_bus.h ****   * @{
  89:Drivers/STM32F0xx_HAL_Driver/Inc/stm32f0xx_ll_bus.h ****   */
  90:Drivers/STM32F0xx_HAL_Driver/Inc/stm32f0xx_ll_bus.h **** #define LL_AHB1_GRP1_PERIPH_ALL            (uint32_t)0xFFFFFFFFU
  91:Drivers/STM32F0xx_HAL_Driver/Inc/stm32f0xx_ll_bus.h **** #define LL_AHB1_GRP1_PERIPH_DMA1           RCC_AHBENR_DMA1EN
  92:Drivers/STM32F0xx_HAL_Driver/Inc/stm32f0xx_ll_bus.h **** #if defined(DMA2)
  93:Drivers/STM32F0xx_HAL_Driver/Inc/stm32f0xx_ll_bus.h **** #define LL_AHB1_GRP1_PERIPH_DMA2           RCC_AHBENR_DMA2EN
  94:Drivers/STM32F0xx_HAL_Driver/Inc/stm32f0xx_ll_bus.h **** #endif /*DMA2*/
  95:Drivers/STM32F0xx_HAL_Driver/Inc/stm32f0xx_ll_bus.h **** #define LL_AHB1_GRP1_PERIPH_SRAM           RCC_AHBENR_SRAMEN
  96:Drivers/STM32F0xx_HAL_Driver/Inc/stm32f0xx_ll_bus.h **** #define LL_AHB1_GRP1_PERIPH_FLASH          RCC_AHBENR_FLITFEN
  97:Drivers/STM32F0xx_HAL_Driver/Inc/stm32f0xx_ll_bus.h **** #define LL_AHB1_GRP1_PERIPH_CRC            RCC_AHBENR_CRCEN
  98:Drivers/STM32F0xx_HAL_Driver/Inc/stm32f0xx_ll_bus.h **** #define LL_AHB1_GRP1_PERIPH_GPIOA          RCC_AHBENR_GPIOAEN
  99:Drivers/STM32F0xx_HAL_Driver/Inc/stm32f0xx_ll_bus.h **** #define LL_AHB1_GRP1_PERIPH_GPIOB          RCC_AHBENR_GPIOBEN
 100:Drivers/STM32F0xx_HAL_Driver/Inc/stm32f0xx_ll_bus.h **** #define LL_AHB1_GRP1_PERIPH_GPIOC          RCC_AHBENR_GPIOCEN
 101:Drivers/STM32F0xx_HAL_Driver/Inc/stm32f0xx_ll_bus.h **** #if defined(GPIOD)
 102:Drivers/STM32F0xx_HAL_Driver/Inc/stm32f0xx_ll_bus.h **** #define LL_AHB1_GRP1_PERIPH_GPIOD          RCC_AHBENR_GPIODEN
 103:Drivers/STM32F0xx_HAL_Driver/Inc/stm32f0xx_ll_bus.h **** #endif /*GPIOD*/
 104:Drivers/STM32F0xx_HAL_Driver/Inc/stm32f0xx_ll_bus.h **** #if defined(GPIOE)
 105:Drivers/STM32F0xx_HAL_Driver/Inc/stm32f0xx_ll_bus.h **** #define LL_AHB1_GRP1_PERIPH_GPIOE          RCC_AHBENR_GPIOEEN
 106:Drivers/STM32F0xx_HAL_Driver/Inc/stm32f0xx_ll_bus.h **** #endif /*GPIOE*/
 107:Drivers/STM32F0xx_HAL_Driver/Inc/stm32f0xx_ll_bus.h **** #define LL_AHB1_GRP1_PERIPH_GPIOF          RCC_AHBENR_GPIOFEN
 108:Drivers/STM32F0xx_HAL_Driver/Inc/stm32f0xx_ll_bus.h **** #if defined(TSC)
 109:Drivers/STM32F0xx_HAL_Driver/Inc/stm32f0xx_ll_bus.h **** #define LL_AHB1_GRP1_PERIPH_TSC            RCC_AHBENR_TSCEN
 110:Drivers/STM32F0xx_HAL_Driver/Inc/stm32f0xx_ll_bus.h **** #endif /*TSC*/
 111:Drivers/STM32F0xx_HAL_Driver/Inc/stm32f0xx_ll_bus.h **** /**
 112:Drivers/STM32F0xx_HAL_Driver/Inc/stm32f0xx_ll_bus.h ****   * @}
 113:Drivers/STM32F0xx_HAL_Driver/Inc/stm32f0xx_ll_bus.h ****   */
 114:Drivers/STM32F0xx_HAL_Driver/Inc/stm32f0xx_ll_bus.h **** 
 115:Drivers/STM32F0xx_HAL_Driver/Inc/stm32f0xx_ll_bus.h **** /** @defgroup BUS_LL_EC_APB1_GRP1_PERIPH  APB1 GRP1 PERIPH
 116:Drivers/STM32F0xx_HAL_Driver/Inc/stm32f0xx_ll_bus.h ****   * @{
 117:Drivers/STM32F0xx_HAL_Driver/Inc/stm32f0xx_ll_bus.h ****   */
 118:Drivers/STM32F0xx_HAL_Driver/Inc/stm32f0xx_ll_bus.h **** #define LL_APB1_GRP1_PERIPH_ALL            (uint32_t)0xFFFFFFFFU
 119:Drivers/STM32F0xx_HAL_Driver/Inc/stm32f0xx_ll_bus.h **** #if defined(TIM2)
 120:Drivers/STM32F0xx_HAL_Driver/Inc/stm32f0xx_ll_bus.h **** #define LL_APB1_GRP1_PERIPH_TIM2           RCC_APB1ENR_TIM2EN
ARM GAS  C:\Users\strag\AppData\Local\Temp\ccnVR8cw.s 			page 5


 121:Drivers/STM32F0xx_HAL_Driver/Inc/stm32f0xx_ll_bus.h **** #endif /*TIM2*/
 122:Drivers/STM32F0xx_HAL_Driver/Inc/stm32f0xx_ll_bus.h **** #define LL_APB1_GRP1_PERIPH_TIM3           RCC_APB1ENR_TIM3EN
 123:Drivers/STM32F0xx_HAL_Driver/Inc/stm32f0xx_ll_bus.h **** #if defined(TIM6)
 124:Drivers/STM32F0xx_HAL_Driver/Inc/stm32f0xx_ll_bus.h **** #define LL_APB1_GRP1_PERIPH_TIM6           RCC_APB1ENR_TIM6EN
 125:Drivers/STM32F0xx_HAL_Driver/Inc/stm32f0xx_ll_bus.h **** #endif /*TIM6*/
 126:Drivers/STM32F0xx_HAL_Driver/Inc/stm32f0xx_ll_bus.h **** #if defined(TIM7)
 127:Drivers/STM32F0xx_HAL_Driver/Inc/stm32f0xx_ll_bus.h **** #define LL_APB1_GRP1_PERIPH_TIM7           RCC_APB1ENR_TIM7EN
 128:Drivers/STM32F0xx_HAL_Driver/Inc/stm32f0xx_ll_bus.h **** #endif /*TIM7*/
 129:Drivers/STM32F0xx_HAL_Driver/Inc/stm32f0xx_ll_bus.h **** #define LL_APB1_GRP1_PERIPH_TIM14          RCC_APB1ENR_TIM14EN
 130:Drivers/STM32F0xx_HAL_Driver/Inc/stm32f0xx_ll_bus.h **** #define LL_APB1_GRP1_PERIPH_WWDG           RCC_APB1ENR_WWDGEN
 131:Drivers/STM32F0xx_HAL_Driver/Inc/stm32f0xx_ll_bus.h **** #if defined(SPI2)
 132:Drivers/STM32F0xx_HAL_Driver/Inc/stm32f0xx_ll_bus.h **** #define LL_APB1_GRP1_PERIPH_SPI2           RCC_APB1ENR_SPI2EN
 133:Drivers/STM32F0xx_HAL_Driver/Inc/stm32f0xx_ll_bus.h **** #endif /*SPI2*/
 134:Drivers/STM32F0xx_HAL_Driver/Inc/stm32f0xx_ll_bus.h **** #if defined(USART2)
 135:Drivers/STM32F0xx_HAL_Driver/Inc/stm32f0xx_ll_bus.h **** #define LL_APB1_GRP1_PERIPH_USART2         RCC_APB1ENR_USART2EN
 136:Drivers/STM32F0xx_HAL_Driver/Inc/stm32f0xx_ll_bus.h **** #endif /* USART2 */
 137:Drivers/STM32F0xx_HAL_Driver/Inc/stm32f0xx_ll_bus.h **** #if defined(USART3)
 138:Drivers/STM32F0xx_HAL_Driver/Inc/stm32f0xx_ll_bus.h **** #define LL_APB1_GRP1_PERIPH_USART3         RCC_APB1ENR_USART3EN
 139:Drivers/STM32F0xx_HAL_Driver/Inc/stm32f0xx_ll_bus.h **** #endif /* USART3 */
 140:Drivers/STM32F0xx_HAL_Driver/Inc/stm32f0xx_ll_bus.h **** #if defined(USART4)
 141:Drivers/STM32F0xx_HAL_Driver/Inc/stm32f0xx_ll_bus.h **** #define LL_APB1_GRP1_PERIPH_USART4         RCC_APB1ENR_USART4EN
 142:Drivers/STM32F0xx_HAL_Driver/Inc/stm32f0xx_ll_bus.h **** #endif /* USART4 */
 143:Drivers/STM32F0xx_HAL_Driver/Inc/stm32f0xx_ll_bus.h **** #if defined(USART5)
 144:Drivers/STM32F0xx_HAL_Driver/Inc/stm32f0xx_ll_bus.h **** #define LL_APB1_GRP1_PERIPH_USART5         RCC_APB1ENR_USART5EN
 145:Drivers/STM32F0xx_HAL_Driver/Inc/stm32f0xx_ll_bus.h **** #endif /* USART5 */
 146:Drivers/STM32F0xx_HAL_Driver/Inc/stm32f0xx_ll_bus.h **** #define LL_APB1_GRP1_PERIPH_I2C1           RCC_APB1ENR_I2C1EN
 147:Drivers/STM32F0xx_HAL_Driver/Inc/stm32f0xx_ll_bus.h **** #if defined(I2C2)
 148:Drivers/STM32F0xx_HAL_Driver/Inc/stm32f0xx_ll_bus.h **** #define LL_APB1_GRP1_PERIPH_I2C2           RCC_APB1ENR_I2C2EN
 149:Drivers/STM32F0xx_HAL_Driver/Inc/stm32f0xx_ll_bus.h **** #endif /*I2C2*/
 150:Drivers/STM32F0xx_HAL_Driver/Inc/stm32f0xx_ll_bus.h **** #if defined(USB)
 151:Drivers/STM32F0xx_HAL_Driver/Inc/stm32f0xx_ll_bus.h **** #define LL_APB1_GRP1_PERIPH_USB            RCC_APB1ENR_USBEN
 152:Drivers/STM32F0xx_HAL_Driver/Inc/stm32f0xx_ll_bus.h **** #endif /* USB */
 153:Drivers/STM32F0xx_HAL_Driver/Inc/stm32f0xx_ll_bus.h **** #if defined(CAN)
 154:Drivers/STM32F0xx_HAL_Driver/Inc/stm32f0xx_ll_bus.h **** #define LL_APB1_GRP1_PERIPH_CAN            RCC_APB1ENR_CANEN
 155:Drivers/STM32F0xx_HAL_Driver/Inc/stm32f0xx_ll_bus.h **** #endif /*CAN*/
 156:Drivers/STM32F0xx_HAL_Driver/Inc/stm32f0xx_ll_bus.h **** #if defined(CRS)
 157:Drivers/STM32F0xx_HAL_Driver/Inc/stm32f0xx_ll_bus.h **** #define LL_APB1_GRP1_PERIPH_CRS            RCC_APB1ENR_CRSEN
 158:Drivers/STM32F0xx_HAL_Driver/Inc/stm32f0xx_ll_bus.h **** #endif /*CRS*/
 159:Drivers/STM32F0xx_HAL_Driver/Inc/stm32f0xx_ll_bus.h **** #define LL_APB1_GRP1_PERIPH_PWR            RCC_APB1ENR_PWREN
 160:Drivers/STM32F0xx_HAL_Driver/Inc/stm32f0xx_ll_bus.h **** #if defined(DAC)
 161:Drivers/STM32F0xx_HAL_Driver/Inc/stm32f0xx_ll_bus.h **** #define LL_APB1_GRP1_PERIPH_DAC1           RCC_APB1ENR_DACEN
 162:Drivers/STM32F0xx_HAL_Driver/Inc/stm32f0xx_ll_bus.h **** #endif /*DAC*/
 163:Drivers/STM32F0xx_HAL_Driver/Inc/stm32f0xx_ll_bus.h **** #if defined(CEC)
 164:Drivers/STM32F0xx_HAL_Driver/Inc/stm32f0xx_ll_bus.h **** #define LL_APB1_GRP1_PERIPH_CEC            RCC_APB1ENR_CECEN
 165:Drivers/STM32F0xx_HAL_Driver/Inc/stm32f0xx_ll_bus.h **** #endif /*CEC*/
 166:Drivers/STM32F0xx_HAL_Driver/Inc/stm32f0xx_ll_bus.h **** /**
 167:Drivers/STM32F0xx_HAL_Driver/Inc/stm32f0xx_ll_bus.h ****   * @}
 168:Drivers/STM32F0xx_HAL_Driver/Inc/stm32f0xx_ll_bus.h ****   */
 169:Drivers/STM32F0xx_HAL_Driver/Inc/stm32f0xx_ll_bus.h **** 
 170:Drivers/STM32F0xx_HAL_Driver/Inc/stm32f0xx_ll_bus.h **** /** @defgroup BUS_LL_EC_APB1_GRP2_PERIPH  APB1 GRP2 PERIPH
 171:Drivers/STM32F0xx_HAL_Driver/Inc/stm32f0xx_ll_bus.h ****   * @{
 172:Drivers/STM32F0xx_HAL_Driver/Inc/stm32f0xx_ll_bus.h ****   */
 173:Drivers/STM32F0xx_HAL_Driver/Inc/stm32f0xx_ll_bus.h **** #define LL_APB1_GRP2_PERIPH_ALL            (uint32_t)0xFFFFFFFFU
 174:Drivers/STM32F0xx_HAL_Driver/Inc/stm32f0xx_ll_bus.h **** #define LL_APB1_GRP2_PERIPH_SYSCFG         RCC_APB2ENR_SYSCFGEN
 175:Drivers/STM32F0xx_HAL_Driver/Inc/stm32f0xx_ll_bus.h **** #define LL_APB1_GRP2_PERIPH_ADC1           RCC_APB2ENR_ADC1EN
 176:Drivers/STM32F0xx_HAL_Driver/Inc/stm32f0xx_ll_bus.h **** #if defined(USART8)
 177:Drivers/STM32F0xx_HAL_Driver/Inc/stm32f0xx_ll_bus.h **** #define LL_APB1_GRP2_PERIPH_USART8         RCC_APB2ENR_USART8EN
ARM GAS  C:\Users\strag\AppData\Local\Temp\ccnVR8cw.s 			page 6


 178:Drivers/STM32F0xx_HAL_Driver/Inc/stm32f0xx_ll_bus.h **** #endif /*USART8*/
 179:Drivers/STM32F0xx_HAL_Driver/Inc/stm32f0xx_ll_bus.h **** #if defined(USART7)
 180:Drivers/STM32F0xx_HAL_Driver/Inc/stm32f0xx_ll_bus.h **** #define LL_APB1_GRP2_PERIPH_USART7         RCC_APB2ENR_USART7EN
 181:Drivers/STM32F0xx_HAL_Driver/Inc/stm32f0xx_ll_bus.h **** #endif /*USART7*/
 182:Drivers/STM32F0xx_HAL_Driver/Inc/stm32f0xx_ll_bus.h **** #if defined(USART6)
 183:Drivers/STM32F0xx_HAL_Driver/Inc/stm32f0xx_ll_bus.h **** #define LL_APB1_GRP2_PERIPH_USART6         RCC_APB2ENR_USART6EN
 184:Drivers/STM32F0xx_HAL_Driver/Inc/stm32f0xx_ll_bus.h **** #endif /*USART6*/
 185:Drivers/STM32F0xx_HAL_Driver/Inc/stm32f0xx_ll_bus.h **** #define LL_APB1_GRP2_PERIPH_TIM1           RCC_APB2ENR_TIM1EN
 186:Drivers/STM32F0xx_HAL_Driver/Inc/stm32f0xx_ll_bus.h **** #define LL_APB1_GRP2_PERIPH_SPI1           RCC_APB2ENR_SPI1EN
 187:Drivers/STM32F0xx_HAL_Driver/Inc/stm32f0xx_ll_bus.h **** #define LL_APB1_GRP2_PERIPH_USART1         RCC_APB2ENR_USART1EN
 188:Drivers/STM32F0xx_HAL_Driver/Inc/stm32f0xx_ll_bus.h **** #if defined(TIM15)
 189:Drivers/STM32F0xx_HAL_Driver/Inc/stm32f0xx_ll_bus.h **** #define LL_APB1_GRP2_PERIPH_TIM15          RCC_APB2ENR_TIM15EN
 190:Drivers/STM32F0xx_HAL_Driver/Inc/stm32f0xx_ll_bus.h **** #endif /*TIM15*/
 191:Drivers/STM32F0xx_HAL_Driver/Inc/stm32f0xx_ll_bus.h **** #define LL_APB1_GRP2_PERIPH_TIM16          RCC_APB2ENR_TIM16EN
 192:Drivers/STM32F0xx_HAL_Driver/Inc/stm32f0xx_ll_bus.h **** #define LL_APB1_GRP2_PERIPH_TIM17          RCC_APB2ENR_TIM17EN
 193:Drivers/STM32F0xx_HAL_Driver/Inc/stm32f0xx_ll_bus.h **** #define LL_APB1_GRP2_PERIPH_DBGMCU         RCC_APB2ENR_DBGMCUEN
 194:Drivers/STM32F0xx_HAL_Driver/Inc/stm32f0xx_ll_bus.h **** /**
 195:Drivers/STM32F0xx_HAL_Driver/Inc/stm32f0xx_ll_bus.h ****   * @}
 196:Drivers/STM32F0xx_HAL_Driver/Inc/stm32f0xx_ll_bus.h ****   */
 197:Drivers/STM32F0xx_HAL_Driver/Inc/stm32f0xx_ll_bus.h **** 
 198:Drivers/STM32F0xx_HAL_Driver/Inc/stm32f0xx_ll_bus.h **** /**
 199:Drivers/STM32F0xx_HAL_Driver/Inc/stm32f0xx_ll_bus.h ****   * @}
 200:Drivers/STM32F0xx_HAL_Driver/Inc/stm32f0xx_ll_bus.h ****   */
 201:Drivers/STM32F0xx_HAL_Driver/Inc/stm32f0xx_ll_bus.h **** 
 202:Drivers/STM32F0xx_HAL_Driver/Inc/stm32f0xx_ll_bus.h **** /* Exported macro ------------------------------------------------------------*/
 203:Drivers/STM32F0xx_HAL_Driver/Inc/stm32f0xx_ll_bus.h **** /* Exported functions --------------------------------------------------------*/
 204:Drivers/STM32F0xx_HAL_Driver/Inc/stm32f0xx_ll_bus.h **** /** @defgroup BUS_LL_Exported_Functions BUS Exported Functions
 205:Drivers/STM32F0xx_HAL_Driver/Inc/stm32f0xx_ll_bus.h ****   * @{
 206:Drivers/STM32F0xx_HAL_Driver/Inc/stm32f0xx_ll_bus.h ****   */
 207:Drivers/STM32F0xx_HAL_Driver/Inc/stm32f0xx_ll_bus.h **** 
 208:Drivers/STM32F0xx_HAL_Driver/Inc/stm32f0xx_ll_bus.h **** /** @defgroup BUS_LL_EF_AHB1 AHB1
 209:Drivers/STM32F0xx_HAL_Driver/Inc/stm32f0xx_ll_bus.h ****   * @{
 210:Drivers/STM32F0xx_HAL_Driver/Inc/stm32f0xx_ll_bus.h ****   */
 211:Drivers/STM32F0xx_HAL_Driver/Inc/stm32f0xx_ll_bus.h **** 
 212:Drivers/STM32F0xx_HAL_Driver/Inc/stm32f0xx_ll_bus.h **** /**
 213:Drivers/STM32F0xx_HAL_Driver/Inc/stm32f0xx_ll_bus.h ****   * @brief  Enable AHB1 peripherals clock.
 214:Drivers/STM32F0xx_HAL_Driver/Inc/stm32f0xx_ll_bus.h ****   * @rmtoll AHBENR       DMA1EN        LL_AHB1_GRP1_EnableClock\n
 215:Drivers/STM32F0xx_HAL_Driver/Inc/stm32f0xx_ll_bus.h ****   *         AHBENR       DMA2EN        LL_AHB1_GRP1_EnableClock\n
 216:Drivers/STM32F0xx_HAL_Driver/Inc/stm32f0xx_ll_bus.h ****   *         AHBENR       SRAMEN        LL_AHB1_GRP1_EnableClock\n
 217:Drivers/STM32F0xx_HAL_Driver/Inc/stm32f0xx_ll_bus.h ****   *         AHBENR       FLITFEN       LL_AHB1_GRP1_EnableClock\n
 218:Drivers/STM32F0xx_HAL_Driver/Inc/stm32f0xx_ll_bus.h ****   *         AHBENR       CRCEN         LL_AHB1_GRP1_EnableClock\n
 219:Drivers/STM32F0xx_HAL_Driver/Inc/stm32f0xx_ll_bus.h ****   *         AHBENR       GPIOAEN       LL_AHB1_GRP1_EnableClock\n
 220:Drivers/STM32F0xx_HAL_Driver/Inc/stm32f0xx_ll_bus.h ****   *         AHBENR       GPIOBEN       LL_AHB1_GRP1_EnableClock\n
 221:Drivers/STM32F0xx_HAL_Driver/Inc/stm32f0xx_ll_bus.h ****   *         AHBENR       GPIOCEN       LL_AHB1_GRP1_EnableClock\n
 222:Drivers/STM32F0xx_HAL_Driver/Inc/stm32f0xx_ll_bus.h ****   *         AHBENR       GPIODEN       LL_AHB1_GRP1_EnableClock\n
 223:Drivers/STM32F0xx_HAL_Driver/Inc/stm32f0xx_ll_bus.h ****   *         AHBENR       GPIOEEN       LL_AHB1_GRP1_EnableClock\n
 224:Drivers/STM32F0xx_HAL_Driver/Inc/stm32f0xx_ll_bus.h ****   *         AHBENR       GPIOFEN       LL_AHB1_GRP1_EnableClock\n
 225:Drivers/STM32F0xx_HAL_Driver/Inc/stm32f0xx_ll_bus.h ****   *         AHBENR       TSCEN         LL_AHB1_GRP1_EnableClock
 226:Drivers/STM32F0xx_HAL_Driver/Inc/stm32f0xx_ll_bus.h ****   * @param  Periphs This parameter can be a combination of the following values:
 227:Drivers/STM32F0xx_HAL_Driver/Inc/stm32f0xx_ll_bus.h ****   *         @arg @ref LL_AHB1_GRP1_PERIPH_DMA1
 228:Drivers/STM32F0xx_HAL_Driver/Inc/stm32f0xx_ll_bus.h ****   *         @arg @ref LL_AHB1_GRP1_PERIPH_DMA2 (*)
 229:Drivers/STM32F0xx_HAL_Driver/Inc/stm32f0xx_ll_bus.h ****   *         @arg @ref LL_AHB1_GRP1_PERIPH_SRAM
 230:Drivers/STM32F0xx_HAL_Driver/Inc/stm32f0xx_ll_bus.h ****   *         @arg @ref LL_AHB1_GRP1_PERIPH_FLASH
 231:Drivers/STM32F0xx_HAL_Driver/Inc/stm32f0xx_ll_bus.h ****   *         @arg @ref LL_AHB1_GRP1_PERIPH_CRC
 232:Drivers/STM32F0xx_HAL_Driver/Inc/stm32f0xx_ll_bus.h ****   *         @arg @ref LL_AHB1_GRP1_PERIPH_GPIOA
 233:Drivers/STM32F0xx_HAL_Driver/Inc/stm32f0xx_ll_bus.h ****   *         @arg @ref LL_AHB1_GRP1_PERIPH_GPIOB
 234:Drivers/STM32F0xx_HAL_Driver/Inc/stm32f0xx_ll_bus.h ****   *         @arg @ref LL_AHB1_GRP1_PERIPH_GPIOC
ARM GAS  C:\Users\strag\AppData\Local\Temp\ccnVR8cw.s 			page 7


 235:Drivers/STM32F0xx_HAL_Driver/Inc/stm32f0xx_ll_bus.h ****   *         @arg @ref LL_AHB1_GRP1_PERIPH_GPIOD (*)
 236:Drivers/STM32F0xx_HAL_Driver/Inc/stm32f0xx_ll_bus.h ****   *         @arg @ref LL_AHB1_GRP1_PERIPH_GPIOE (*)
 237:Drivers/STM32F0xx_HAL_Driver/Inc/stm32f0xx_ll_bus.h ****   *         @arg @ref LL_AHB1_GRP1_PERIPH_GPIOF
 238:Drivers/STM32F0xx_HAL_Driver/Inc/stm32f0xx_ll_bus.h ****   *         @arg @ref LL_AHB1_GRP1_PERIPH_TSC (*)
 239:Drivers/STM32F0xx_HAL_Driver/Inc/stm32f0xx_ll_bus.h ****   *
 240:Drivers/STM32F0xx_HAL_Driver/Inc/stm32f0xx_ll_bus.h ****   *         (*) value not defined in all devices.
 241:Drivers/STM32F0xx_HAL_Driver/Inc/stm32f0xx_ll_bus.h ****   * @retval None
 242:Drivers/STM32F0xx_HAL_Driver/Inc/stm32f0xx_ll_bus.h **** */
 243:Drivers/STM32F0xx_HAL_Driver/Inc/stm32f0xx_ll_bus.h **** __STATIC_INLINE void LL_AHB1_GRP1_EnableClock(uint32_t Periphs)
 244:Drivers/STM32F0xx_HAL_Driver/Inc/stm32f0xx_ll_bus.h **** {
 245:Drivers/STM32F0xx_HAL_Driver/Inc/stm32f0xx_ll_bus.h ****   __IO uint32_t tmpreg;
 246:Drivers/STM32F0xx_HAL_Driver/Inc/stm32f0xx_ll_bus.h ****   SET_BIT(RCC->AHBENR, Periphs);
 247:Drivers/STM32F0xx_HAL_Driver/Inc/stm32f0xx_ll_bus.h ****   /* Delay after an RCC peripheral clock enabling */
 248:Drivers/STM32F0xx_HAL_Driver/Inc/stm32f0xx_ll_bus.h ****   tmpreg = READ_BIT(RCC->AHBENR, Periphs);
 249:Drivers/STM32F0xx_HAL_Driver/Inc/stm32f0xx_ll_bus.h ****   (void)tmpreg;
 250:Drivers/STM32F0xx_HAL_Driver/Inc/stm32f0xx_ll_bus.h **** }
 251:Drivers/STM32F0xx_HAL_Driver/Inc/stm32f0xx_ll_bus.h **** 
 252:Drivers/STM32F0xx_HAL_Driver/Inc/stm32f0xx_ll_bus.h **** /**
 253:Drivers/STM32F0xx_HAL_Driver/Inc/stm32f0xx_ll_bus.h ****   * @brief  Check if AHB1 peripheral clock is enabled or not
 254:Drivers/STM32F0xx_HAL_Driver/Inc/stm32f0xx_ll_bus.h ****   * @rmtoll AHBENR       DMA1EN        LL_AHB1_GRP1_IsEnabledClock\n
 255:Drivers/STM32F0xx_HAL_Driver/Inc/stm32f0xx_ll_bus.h ****   *         AHBENR       DMA2EN        LL_AHB1_GRP1_IsEnabledClock\n
 256:Drivers/STM32F0xx_HAL_Driver/Inc/stm32f0xx_ll_bus.h ****   *         AHBENR       SRAMEN        LL_AHB1_GRP1_IsEnabledClock\n
 257:Drivers/STM32F0xx_HAL_Driver/Inc/stm32f0xx_ll_bus.h ****   *         AHBENR       FLITFEN       LL_AHB1_GRP1_IsEnabledClock\n
 258:Drivers/STM32F0xx_HAL_Driver/Inc/stm32f0xx_ll_bus.h ****   *         AHBENR       CRCEN         LL_AHB1_GRP1_IsEnabledClock\n
 259:Drivers/STM32F0xx_HAL_Driver/Inc/stm32f0xx_ll_bus.h ****   *         AHBENR       GPIOAEN       LL_AHB1_GRP1_IsEnabledClock\n
 260:Drivers/STM32F0xx_HAL_Driver/Inc/stm32f0xx_ll_bus.h ****   *         AHBENR       GPIOBEN       LL_AHB1_GRP1_IsEnabledClock\n
 261:Drivers/STM32F0xx_HAL_Driver/Inc/stm32f0xx_ll_bus.h ****   *         AHBENR       GPIOCEN       LL_AHB1_GRP1_IsEnabledClock\n
 262:Drivers/STM32F0xx_HAL_Driver/Inc/stm32f0xx_ll_bus.h ****   *         AHBENR       GPIODEN       LL_AHB1_GRP1_IsEnabledClock\n
 263:Drivers/STM32F0xx_HAL_Driver/Inc/stm32f0xx_ll_bus.h ****   *         AHBENR       GPIOEEN       LL_AHB1_GRP1_IsEnabledClock\n
 264:Drivers/STM32F0xx_HAL_Driver/Inc/stm32f0xx_ll_bus.h ****   *         AHBENR       GPIOFEN       LL_AHB1_GRP1_IsEnabledClock\n
 265:Drivers/STM32F0xx_HAL_Driver/Inc/stm32f0xx_ll_bus.h ****   *         AHBENR       TSCEN         LL_AHB1_GRP1_IsEnabledClock
 266:Drivers/STM32F0xx_HAL_Driver/Inc/stm32f0xx_ll_bus.h ****   * @param  Periphs This parameter can be a combination of the following values:
 267:Drivers/STM32F0xx_HAL_Driver/Inc/stm32f0xx_ll_bus.h ****   *         @arg @ref LL_AHB1_GRP1_PERIPH_DMA1
 268:Drivers/STM32F0xx_HAL_Driver/Inc/stm32f0xx_ll_bus.h ****   *         @arg @ref LL_AHB1_GRP1_PERIPH_DMA2 (*)
 269:Drivers/STM32F0xx_HAL_Driver/Inc/stm32f0xx_ll_bus.h ****   *         @arg @ref LL_AHB1_GRP1_PERIPH_SRAM
 270:Drivers/STM32F0xx_HAL_Driver/Inc/stm32f0xx_ll_bus.h ****   *         @arg @ref LL_AHB1_GRP1_PERIPH_FLASH
 271:Drivers/STM32F0xx_HAL_Driver/Inc/stm32f0xx_ll_bus.h ****   *         @arg @ref LL_AHB1_GRP1_PERIPH_CRC
 272:Drivers/STM32F0xx_HAL_Driver/Inc/stm32f0xx_ll_bus.h ****   *         @arg @ref LL_AHB1_GRP1_PERIPH_GPIOA
 273:Drivers/STM32F0xx_HAL_Driver/Inc/stm32f0xx_ll_bus.h ****   *         @arg @ref LL_AHB1_GRP1_PERIPH_GPIOB
 274:Drivers/STM32F0xx_HAL_Driver/Inc/stm32f0xx_ll_bus.h ****   *         @arg @ref LL_AHB1_GRP1_PERIPH_GPIOC
 275:Drivers/STM32F0xx_HAL_Driver/Inc/stm32f0xx_ll_bus.h ****   *         @arg @ref LL_AHB1_GRP1_PERIPH_GPIOD (*)
 276:Drivers/STM32F0xx_HAL_Driver/Inc/stm32f0xx_ll_bus.h ****   *         @arg @ref LL_AHB1_GRP1_PERIPH_GPIOE (*)
 277:Drivers/STM32F0xx_HAL_Driver/Inc/stm32f0xx_ll_bus.h ****   *         @arg @ref LL_AHB1_GRP1_PERIPH_GPIOF
 278:Drivers/STM32F0xx_HAL_Driver/Inc/stm32f0xx_ll_bus.h ****   *         @arg @ref LL_AHB1_GRP1_PERIPH_TSC (*)
 279:Drivers/STM32F0xx_HAL_Driver/Inc/stm32f0xx_ll_bus.h ****   *
 280:Drivers/STM32F0xx_HAL_Driver/Inc/stm32f0xx_ll_bus.h ****   *         (*) value not defined in all devices.
 281:Drivers/STM32F0xx_HAL_Driver/Inc/stm32f0xx_ll_bus.h ****   * @retval State of Periphs (1 or 0).
 282:Drivers/STM32F0xx_HAL_Driver/Inc/stm32f0xx_ll_bus.h **** */
 283:Drivers/STM32F0xx_HAL_Driver/Inc/stm32f0xx_ll_bus.h **** __STATIC_INLINE uint32_t LL_AHB1_GRP1_IsEnabledClock(uint32_t Periphs)
 284:Drivers/STM32F0xx_HAL_Driver/Inc/stm32f0xx_ll_bus.h **** {
 285:Drivers/STM32F0xx_HAL_Driver/Inc/stm32f0xx_ll_bus.h ****   return (READ_BIT(RCC->AHBENR, Periphs) == Periphs);
 286:Drivers/STM32F0xx_HAL_Driver/Inc/stm32f0xx_ll_bus.h **** }
 287:Drivers/STM32F0xx_HAL_Driver/Inc/stm32f0xx_ll_bus.h **** 
 288:Drivers/STM32F0xx_HAL_Driver/Inc/stm32f0xx_ll_bus.h **** /**
 289:Drivers/STM32F0xx_HAL_Driver/Inc/stm32f0xx_ll_bus.h ****   * @brief  Disable AHB1 peripherals clock.
 290:Drivers/STM32F0xx_HAL_Driver/Inc/stm32f0xx_ll_bus.h ****   * @rmtoll AHBENR       DMA1EN        LL_AHB1_GRP1_DisableClock\n
 291:Drivers/STM32F0xx_HAL_Driver/Inc/stm32f0xx_ll_bus.h ****   *         AHBENR       DMA2EN        LL_AHB1_GRP1_DisableClock\n
ARM GAS  C:\Users\strag\AppData\Local\Temp\ccnVR8cw.s 			page 8


 292:Drivers/STM32F0xx_HAL_Driver/Inc/stm32f0xx_ll_bus.h ****   *         AHBENR       SRAMEN        LL_AHB1_GRP1_DisableClock\n
 293:Drivers/STM32F0xx_HAL_Driver/Inc/stm32f0xx_ll_bus.h ****   *         AHBENR       FLITFEN       LL_AHB1_GRP1_DisableClock\n
 294:Drivers/STM32F0xx_HAL_Driver/Inc/stm32f0xx_ll_bus.h ****   *         AHBENR       CRCEN         LL_AHB1_GRP1_DisableClock\n
 295:Drivers/STM32F0xx_HAL_Driver/Inc/stm32f0xx_ll_bus.h ****   *         AHBENR       GPIOAEN       LL_AHB1_GRP1_DisableClock\n
 296:Drivers/STM32F0xx_HAL_Driver/Inc/stm32f0xx_ll_bus.h ****   *         AHBENR       GPIOBEN       LL_AHB1_GRP1_DisableClock\n
 297:Drivers/STM32F0xx_HAL_Driver/Inc/stm32f0xx_ll_bus.h ****   *         AHBENR       GPIOCEN       LL_AHB1_GRP1_DisableClock\n
 298:Drivers/STM32F0xx_HAL_Driver/Inc/stm32f0xx_ll_bus.h ****   *         AHBENR       GPIODEN       LL_AHB1_GRP1_DisableClock\n
 299:Drivers/STM32F0xx_HAL_Driver/Inc/stm32f0xx_ll_bus.h ****   *         AHBENR       GPIOEEN       LL_AHB1_GRP1_DisableClock\n
 300:Drivers/STM32F0xx_HAL_Driver/Inc/stm32f0xx_ll_bus.h ****   *         AHBENR       GPIOFEN       LL_AHB1_GRP1_DisableClock\n
 301:Drivers/STM32F0xx_HAL_Driver/Inc/stm32f0xx_ll_bus.h ****   *         AHBENR       TSCEN         LL_AHB1_GRP1_DisableClock
 302:Drivers/STM32F0xx_HAL_Driver/Inc/stm32f0xx_ll_bus.h ****   * @param  Periphs This parameter can be a combination of the following values:
 303:Drivers/STM32F0xx_HAL_Driver/Inc/stm32f0xx_ll_bus.h ****   *         @arg @ref LL_AHB1_GRP1_PERIPH_DMA1
 304:Drivers/STM32F0xx_HAL_Driver/Inc/stm32f0xx_ll_bus.h ****   *         @arg @ref LL_AHB1_GRP1_PERIPH_DMA2 (*)
 305:Drivers/STM32F0xx_HAL_Driver/Inc/stm32f0xx_ll_bus.h ****   *         @arg @ref LL_AHB1_GRP1_PERIPH_SRAM
 306:Drivers/STM32F0xx_HAL_Driver/Inc/stm32f0xx_ll_bus.h ****   *         @arg @ref LL_AHB1_GRP1_PERIPH_FLASH
 307:Drivers/STM32F0xx_HAL_Driver/Inc/stm32f0xx_ll_bus.h ****   *         @arg @ref LL_AHB1_GRP1_PERIPH_CRC
 308:Drivers/STM32F0xx_HAL_Driver/Inc/stm32f0xx_ll_bus.h ****   *         @arg @ref LL_AHB1_GRP1_PERIPH_GPIOA
 309:Drivers/STM32F0xx_HAL_Driver/Inc/stm32f0xx_ll_bus.h ****   *         @arg @ref LL_AHB1_GRP1_PERIPH_GPIOB
 310:Drivers/STM32F0xx_HAL_Driver/Inc/stm32f0xx_ll_bus.h ****   *         @arg @ref LL_AHB1_GRP1_PERIPH_GPIOC
 311:Drivers/STM32F0xx_HAL_Driver/Inc/stm32f0xx_ll_bus.h ****   *         @arg @ref LL_AHB1_GRP1_PERIPH_GPIOD (*)
 312:Drivers/STM32F0xx_HAL_Driver/Inc/stm32f0xx_ll_bus.h ****   *         @arg @ref LL_AHB1_GRP1_PERIPH_GPIOE (*)
 313:Drivers/STM32F0xx_HAL_Driver/Inc/stm32f0xx_ll_bus.h ****   *         @arg @ref LL_AHB1_GRP1_PERIPH_GPIOF
 314:Drivers/STM32F0xx_HAL_Driver/Inc/stm32f0xx_ll_bus.h ****   *         @arg @ref LL_AHB1_GRP1_PERIPH_TSC (*)
 315:Drivers/STM32F0xx_HAL_Driver/Inc/stm32f0xx_ll_bus.h ****   *
 316:Drivers/STM32F0xx_HAL_Driver/Inc/stm32f0xx_ll_bus.h ****   *         (*) value not defined in all devices.
 317:Drivers/STM32F0xx_HAL_Driver/Inc/stm32f0xx_ll_bus.h ****   * @retval None
 318:Drivers/STM32F0xx_HAL_Driver/Inc/stm32f0xx_ll_bus.h **** */
 319:Drivers/STM32F0xx_HAL_Driver/Inc/stm32f0xx_ll_bus.h **** __STATIC_INLINE void LL_AHB1_GRP1_DisableClock(uint32_t Periphs)
 320:Drivers/STM32F0xx_HAL_Driver/Inc/stm32f0xx_ll_bus.h **** {
 321:Drivers/STM32F0xx_HAL_Driver/Inc/stm32f0xx_ll_bus.h ****   CLEAR_BIT(RCC->AHBENR, Periphs);
 322:Drivers/STM32F0xx_HAL_Driver/Inc/stm32f0xx_ll_bus.h **** }
 323:Drivers/STM32F0xx_HAL_Driver/Inc/stm32f0xx_ll_bus.h **** 
 324:Drivers/STM32F0xx_HAL_Driver/Inc/stm32f0xx_ll_bus.h **** /**
 325:Drivers/STM32F0xx_HAL_Driver/Inc/stm32f0xx_ll_bus.h ****   * @brief  Force AHB1 peripherals reset.
 326:Drivers/STM32F0xx_HAL_Driver/Inc/stm32f0xx_ll_bus.h ****   * @rmtoll AHBRSTR      GPIOARST      LL_AHB1_GRP1_ForceReset\n
 327:Drivers/STM32F0xx_HAL_Driver/Inc/stm32f0xx_ll_bus.h ****   *         AHBRSTR      GPIOBRST      LL_AHB1_GRP1_ForceReset\n
 328:Drivers/STM32F0xx_HAL_Driver/Inc/stm32f0xx_ll_bus.h ****   *         AHBRSTR      GPIOCRST      LL_AHB1_GRP1_ForceReset\n
 329:Drivers/STM32F0xx_HAL_Driver/Inc/stm32f0xx_ll_bus.h ****   *         AHBRSTR      GPIODRST      LL_AHB1_GRP1_ForceReset\n
 330:Drivers/STM32F0xx_HAL_Driver/Inc/stm32f0xx_ll_bus.h ****   *         AHBRSTR      GPIOERST      LL_AHB1_GRP1_ForceReset\n
 331:Drivers/STM32F0xx_HAL_Driver/Inc/stm32f0xx_ll_bus.h ****   *         AHBRSTR      GPIOFRST      LL_AHB1_GRP1_ForceReset\n
 332:Drivers/STM32F0xx_HAL_Driver/Inc/stm32f0xx_ll_bus.h ****   *         AHBRSTR      TSCRST        LL_AHB1_GRP1_ForceReset
 333:Drivers/STM32F0xx_HAL_Driver/Inc/stm32f0xx_ll_bus.h ****   * @param  Periphs This parameter can be a combination of the following values:
 334:Drivers/STM32F0xx_HAL_Driver/Inc/stm32f0xx_ll_bus.h ****   *         @arg @ref LL_AHB1_GRP1_PERIPH_ALL
 335:Drivers/STM32F0xx_HAL_Driver/Inc/stm32f0xx_ll_bus.h ****   *         @arg @ref LL_AHB1_GRP1_PERIPH_GPIOA
 336:Drivers/STM32F0xx_HAL_Driver/Inc/stm32f0xx_ll_bus.h ****   *         @arg @ref LL_AHB1_GRP1_PERIPH_GPIOB
 337:Drivers/STM32F0xx_HAL_Driver/Inc/stm32f0xx_ll_bus.h ****   *         @arg @ref LL_AHB1_GRP1_PERIPH_GPIOC
 338:Drivers/STM32F0xx_HAL_Driver/Inc/stm32f0xx_ll_bus.h ****   *         @arg @ref LL_AHB1_GRP1_PERIPH_GPIOD (*)
 339:Drivers/STM32F0xx_HAL_Driver/Inc/stm32f0xx_ll_bus.h ****   *         @arg @ref LL_AHB1_GRP1_PERIPH_GPIOE (*)
 340:Drivers/STM32F0xx_HAL_Driver/Inc/stm32f0xx_ll_bus.h ****   *         @arg @ref LL_AHB1_GRP1_PERIPH_GPIOF
 341:Drivers/STM32F0xx_HAL_Driver/Inc/stm32f0xx_ll_bus.h ****   *         @arg @ref LL_AHB1_GRP1_PERIPH_TSC (*)
 342:Drivers/STM32F0xx_HAL_Driver/Inc/stm32f0xx_ll_bus.h ****   *
 343:Drivers/STM32F0xx_HAL_Driver/Inc/stm32f0xx_ll_bus.h ****   *         (*) value not defined in all devices.
 344:Drivers/STM32F0xx_HAL_Driver/Inc/stm32f0xx_ll_bus.h ****   * @retval None
 345:Drivers/STM32F0xx_HAL_Driver/Inc/stm32f0xx_ll_bus.h **** */
 346:Drivers/STM32F0xx_HAL_Driver/Inc/stm32f0xx_ll_bus.h **** __STATIC_INLINE void LL_AHB1_GRP1_ForceReset(uint32_t Periphs)
 347:Drivers/STM32F0xx_HAL_Driver/Inc/stm32f0xx_ll_bus.h **** {
 348:Drivers/STM32F0xx_HAL_Driver/Inc/stm32f0xx_ll_bus.h ****   SET_BIT(RCC->AHBRSTR, Periphs);
ARM GAS  C:\Users\strag\AppData\Local\Temp\ccnVR8cw.s 			page 9


 349:Drivers/STM32F0xx_HAL_Driver/Inc/stm32f0xx_ll_bus.h **** }
 350:Drivers/STM32F0xx_HAL_Driver/Inc/stm32f0xx_ll_bus.h **** 
 351:Drivers/STM32F0xx_HAL_Driver/Inc/stm32f0xx_ll_bus.h **** /**
 352:Drivers/STM32F0xx_HAL_Driver/Inc/stm32f0xx_ll_bus.h ****   * @brief  Release AHB1 peripherals reset.
 353:Drivers/STM32F0xx_HAL_Driver/Inc/stm32f0xx_ll_bus.h ****   * @rmtoll AHBRSTR      GPIOARST      LL_AHB1_GRP1_ReleaseReset\n
 354:Drivers/STM32F0xx_HAL_Driver/Inc/stm32f0xx_ll_bus.h ****   *         AHBRSTR      GPIOBRST      LL_AHB1_GRP1_ReleaseReset\n
 355:Drivers/STM32F0xx_HAL_Driver/Inc/stm32f0xx_ll_bus.h ****   *         AHBRSTR      GPIOCRST      LL_AHB1_GRP1_ReleaseReset\n
 356:Drivers/STM32F0xx_HAL_Driver/Inc/stm32f0xx_ll_bus.h ****   *         AHBRSTR      GPIODRST      LL_AHB1_GRP1_ReleaseReset\n
 357:Drivers/STM32F0xx_HAL_Driver/Inc/stm32f0xx_ll_bus.h ****   *         AHBRSTR      GPIOERST      LL_AHB1_GRP1_ReleaseReset\n
 358:Drivers/STM32F0xx_HAL_Driver/Inc/stm32f0xx_ll_bus.h ****   *         AHBRSTR      GPIOFRST      LL_AHB1_GRP1_ReleaseReset\n
 359:Drivers/STM32F0xx_HAL_Driver/Inc/stm32f0xx_ll_bus.h ****   *         AHBRSTR      TSCRST        LL_AHB1_GRP1_ReleaseReset
 360:Drivers/STM32F0xx_HAL_Driver/Inc/stm32f0xx_ll_bus.h ****   * @param  Periphs This parameter can be a combination of the following values:
 361:Drivers/STM32F0xx_HAL_Driver/Inc/stm32f0xx_ll_bus.h ****   *         @arg @ref LL_AHB1_GRP1_PERIPH_ALL
 362:Drivers/STM32F0xx_HAL_Driver/Inc/stm32f0xx_ll_bus.h ****   *         @arg @ref LL_AHB1_GRP1_PERIPH_GPIOA
 363:Drivers/STM32F0xx_HAL_Driver/Inc/stm32f0xx_ll_bus.h ****   *         @arg @ref LL_AHB1_GRP1_PERIPH_GPIOB
 364:Drivers/STM32F0xx_HAL_Driver/Inc/stm32f0xx_ll_bus.h ****   *         @arg @ref LL_AHB1_GRP1_PERIPH_GPIOC
 365:Drivers/STM32F0xx_HAL_Driver/Inc/stm32f0xx_ll_bus.h ****   *         @arg @ref LL_AHB1_GRP1_PERIPH_GPIOD (*)
 366:Drivers/STM32F0xx_HAL_Driver/Inc/stm32f0xx_ll_bus.h ****   *         @arg @ref LL_AHB1_GRP1_PERIPH_GPIOE (*)
 367:Drivers/STM32F0xx_HAL_Driver/Inc/stm32f0xx_ll_bus.h ****   *         @arg @ref LL_AHB1_GRP1_PERIPH_GPIOF
 368:Drivers/STM32F0xx_HAL_Driver/Inc/stm32f0xx_ll_bus.h ****   *         @arg @ref LL_AHB1_GRP1_PERIPH_TSC (*)
 369:Drivers/STM32F0xx_HAL_Driver/Inc/stm32f0xx_ll_bus.h ****   *
 370:Drivers/STM32F0xx_HAL_Driver/Inc/stm32f0xx_ll_bus.h ****   *         (*) value not defined in all devices.
 371:Drivers/STM32F0xx_HAL_Driver/Inc/stm32f0xx_ll_bus.h ****   * @retval None
 372:Drivers/STM32F0xx_HAL_Driver/Inc/stm32f0xx_ll_bus.h **** */
 373:Drivers/STM32F0xx_HAL_Driver/Inc/stm32f0xx_ll_bus.h **** __STATIC_INLINE void LL_AHB1_GRP1_ReleaseReset(uint32_t Periphs)
 374:Drivers/STM32F0xx_HAL_Driver/Inc/stm32f0xx_ll_bus.h **** {
 375:Drivers/STM32F0xx_HAL_Driver/Inc/stm32f0xx_ll_bus.h ****   CLEAR_BIT(RCC->AHBRSTR, Periphs);
 376:Drivers/STM32F0xx_HAL_Driver/Inc/stm32f0xx_ll_bus.h **** }
 377:Drivers/STM32F0xx_HAL_Driver/Inc/stm32f0xx_ll_bus.h **** 
 378:Drivers/STM32F0xx_HAL_Driver/Inc/stm32f0xx_ll_bus.h **** /**
 379:Drivers/STM32F0xx_HAL_Driver/Inc/stm32f0xx_ll_bus.h ****   * @}
 380:Drivers/STM32F0xx_HAL_Driver/Inc/stm32f0xx_ll_bus.h ****   */
 381:Drivers/STM32F0xx_HAL_Driver/Inc/stm32f0xx_ll_bus.h **** 
 382:Drivers/STM32F0xx_HAL_Driver/Inc/stm32f0xx_ll_bus.h **** /** @defgroup BUS_LL_EF_APB1_GRP1 APB1 GRP1
 383:Drivers/STM32F0xx_HAL_Driver/Inc/stm32f0xx_ll_bus.h ****   * @{
 384:Drivers/STM32F0xx_HAL_Driver/Inc/stm32f0xx_ll_bus.h ****   */
 385:Drivers/STM32F0xx_HAL_Driver/Inc/stm32f0xx_ll_bus.h **** 
 386:Drivers/STM32F0xx_HAL_Driver/Inc/stm32f0xx_ll_bus.h **** /**
 387:Drivers/STM32F0xx_HAL_Driver/Inc/stm32f0xx_ll_bus.h ****   * @brief  Enable APB1 peripherals clock (available in register 1).
 388:Drivers/STM32F0xx_HAL_Driver/Inc/stm32f0xx_ll_bus.h ****   * @rmtoll APB1ENR      TIM2EN        LL_APB1_GRP1_EnableClock\n
 389:Drivers/STM32F0xx_HAL_Driver/Inc/stm32f0xx_ll_bus.h ****   *         APB1ENR      TIM3EN        LL_APB1_GRP1_EnableClock\n
 390:Drivers/STM32F0xx_HAL_Driver/Inc/stm32f0xx_ll_bus.h ****   *         APB1ENR      TIM6EN        LL_APB1_GRP1_EnableClock\n
 391:Drivers/STM32F0xx_HAL_Driver/Inc/stm32f0xx_ll_bus.h ****   *         APB1ENR      TIM7EN        LL_APB1_GRP1_EnableClock\n
 392:Drivers/STM32F0xx_HAL_Driver/Inc/stm32f0xx_ll_bus.h ****   *         APB1ENR      TIM14EN       LL_APB1_GRP1_EnableClock\n
 393:Drivers/STM32F0xx_HAL_Driver/Inc/stm32f0xx_ll_bus.h ****   *         APB1ENR      WWDGEN        LL_APB1_GRP1_EnableClock\n
 394:Drivers/STM32F0xx_HAL_Driver/Inc/stm32f0xx_ll_bus.h ****   *         APB1ENR      SPI2EN        LL_APB1_GRP1_EnableClock\n
 395:Drivers/STM32F0xx_HAL_Driver/Inc/stm32f0xx_ll_bus.h ****   *         APB1ENR      USART2EN      LL_APB1_GRP1_EnableClock\n
 396:Drivers/STM32F0xx_HAL_Driver/Inc/stm32f0xx_ll_bus.h ****   *         APB1ENR      USART3EN      LL_APB1_GRP1_EnableClock\n
 397:Drivers/STM32F0xx_HAL_Driver/Inc/stm32f0xx_ll_bus.h ****   *         APB1ENR      USART4EN      LL_APB1_GRP1_EnableClock\n
 398:Drivers/STM32F0xx_HAL_Driver/Inc/stm32f0xx_ll_bus.h ****   *         APB1ENR      USART5EN      LL_APB1_GRP1_EnableClock\n
 399:Drivers/STM32F0xx_HAL_Driver/Inc/stm32f0xx_ll_bus.h ****   *         APB1ENR      I2C1EN        LL_APB1_GRP1_EnableClock\n
 400:Drivers/STM32F0xx_HAL_Driver/Inc/stm32f0xx_ll_bus.h ****   *         APB1ENR      I2C2EN        LL_APB1_GRP1_EnableClock\n
 401:Drivers/STM32F0xx_HAL_Driver/Inc/stm32f0xx_ll_bus.h ****   *         APB1ENR      USBEN         LL_APB1_GRP1_EnableClock\n
 402:Drivers/STM32F0xx_HAL_Driver/Inc/stm32f0xx_ll_bus.h ****   *         APB1ENR      CANEN         LL_APB1_GRP1_EnableClock\n
 403:Drivers/STM32F0xx_HAL_Driver/Inc/stm32f0xx_ll_bus.h ****   *         APB1ENR      CRSEN         LL_APB1_GRP1_EnableClock\n
 404:Drivers/STM32F0xx_HAL_Driver/Inc/stm32f0xx_ll_bus.h ****   *         APB1ENR      PWREN         LL_APB1_GRP1_EnableClock\n
 405:Drivers/STM32F0xx_HAL_Driver/Inc/stm32f0xx_ll_bus.h ****   *         APB1ENR      DACEN         LL_APB1_GRP1_EnableClock\n
ARM GAS  C:\Users\strag\AppData\Local\Temp\ccnVR8cw.s 			page 10


 406:Drivers/STM32F0xx_HAL_Driver/Inc/stm32f0xx_ll_bus.h ****   *         APB1ENR      CECEN         LL_APB1_GRP1_EnableClock
 407:Drivers/STM32F0xx_HAL_Driver/Inc/stm32f0xx_ll_bus.h ****   * @param  Periphs This parameter can be a combination of the following values:
 408:Drivers/STM32F0xx_HAL_Driver/Inc/stm32f0xx_ll_bus.h ****   *         @arg @ref LL_APB1_GRP1_PERIPH_TIM2 (*)
 409:Drivers/STM32F0xx_HAL_Driver/Inc/stm32f0xx_ll_bus.h ****   *         @arg @ref LL_APB1_GRP1_PERIPH_TIM3
 410:Drivers/STM32F0xx_HAL_Driver/Inc/stm32f0xx_ll_bus.h ****   *         @arg @ref LL_APB1_GRP1_PERIPH_TIM6 (*)
 411:Drivers/STM32F0xx_HAL_Driver/Inc/stm32f0xx_ll_bus.h ****   *         @arg @ref LL_APB1_GRP1_PERIPH_TIM7 (*)
 412:Drivers/STM32F0xx_HAL_Driver/Inc/stm32f0xx_ll_bus.h ****   *         @arg @ref LL_APB1_GRP1_PERIPH_TIM14
 413:Drivers/STM32F0xx_HAL_Driver/Inc/stm32f0xx_ll_bus.h ****   *         @arg @ref LL_APB1_GRP1_PERIPH_WWDG
 414:Drivers/STM32F0xx_HAL_Driver/Inc/stm32f0xx_ll_bus.h ****   *         @arg @ref LL_APB1_GRP1_PERIPH_SPI2 (*)
 415:Drivers/STM32F0xx_HAL_Driver/Inc/stm32f0xx_ll_bus.h ****   *         @arg @ref LL_APB1_GRP1_PERIPH_USART2 (*)
 416:Drivers/STM32F0xx_HAL_Driver/Inc/stm32f0xx_ll_bus.h ****   *         @arg @ref LL_APB1_GRP1_PERIPH_USART3 (*)
 417:Drivers/STM32F0xx_HAL_Driver/Inc/stm32f0xx_ll_bus.h ****   *         @arg @ref LL_APB1_GRP1_PERIPH_USART4 (*)
 418:Drivers/STM32F0xx_HAL_Driver/Inc/stm32f0xx_ll_bus.h ****   *         @arg @ref LL_APB1_GRP1_PERIPH_USART5 (*)
 419:Drivers/STM32F0xx_HAL_Driver/Inc/stm32f0xx_ll_bus.h ****   *         @arg @ref LL_APB1_GRP1_PERIPH_I2C1
 420:Drivers/STM32F0xx_HAL_Driver/Inc/stm32f0xx_ll_bus.h ****   *         @arg @ref LL_APB1_GRP1_PERIPH_I2C2 (*)
 421:Drivers/STM32F0xx_HAL_Driver/Inc/stm32f0xx_ll_bus.h ****   *         @arg @ref LL_APB1_GRP1_PERIPH_USB (*)
 422:Drivers/STM32F0xx_HAL_Driver/Inc/stm32f0xx_ll_bus.h ****   *         @arg @ref LL_APB1_GRP1_PERIPH_CAN (*)
 423:Drivers/STM32F0xx_HAL_Driver/Inc/stm32f0xx_ll_bus.h ****   *         @arg @ref LL_APB1_GRP1_PERIPH_CRS (*)
 424:Drivers/STM32F0xx_HAL_Driver/Inc/stm32f0xx_ll_bus.h ****   *         @arg @ref LL_APB1_GRP1_PERIPH_PWR
 425:Drivers/STM32F0xx_HAL_Driver/Inc/stm32f0xx_ll_bus.h ****   *         @arg @ref LL_APB1_GRP1_PERIPH_DAC1 (*)
 426:Drivers/STM32F0xx_HAL_Driver/Inc/stm32f0xx_ll_bus.h ****   *         @arg @ref LL_APB1_GRP1_PERIPH_CEC (*)
 427:Drivers/STM32F0xx_HAL_Driver/Inc/stm32f0xx_ll_bus.h ****   *
 428:Drivers/STM32F0xx_HAL_Driver/Inc/stm32f0xx_ll_bus.h ****   *         (*) value not defined in all devices.
 429:Drivers/STM32F0xx_HAL_Driver/Inc/stm32f0xx_ll_bus.h ****   * @retval None
 430:Drivers/STM32F0xx_HAL_Driver/Inc/stm32f0xx_ll_bus.h **** */
 431:Drivers/STM32F0xx_HAL_Driver/Inc/stm32f0xx_ll_bus.h **** __STATIC_INLINE void LL_APB1_GRP1_EnableClock(uint32_t Periphs)
 432:Drivers/STM32F0xx_HAL_Driver/Inc/stm32f0xx_ll_bus.h **** {
 433:Drivers/STM32F0xx_HAL_Driver/Inc/stm32f0xx_ll_bus.h ****   __IO uint32_t tmpreg;
 434:Drivers/STM32F0xx_HAL_Driver/Inc/stm32f0xx_ll_bus.h ****   SET_BIT(RCC->APB1ENR, Periphs);
 435:Drivers/STM32F0xx_HAL_Driver/Inc/stm32f0xx_ll_bus.h ****   /* Delay after an RCC peripheral clock enabling */
 436:Drivers/STM32F0xx_HAL_Driver/Inc/stm32f0xx_ll_bus.h ****   tmpreg = READ_BIT(RCC->APB1ENR, Periphs);
 437:Drivers/STM32F0xx_HAL_Driver/Inc/stm32f0xx_ll_bus.h ****   (void)tmpreg;
 438:Drivers/STM32F0xx_HAL_Driver/Inc/stm32f0xx_ll_bus.h **** }
 439:Drivers/STM32F0xx_HAL_Driver/Inc/stm32f0xx_ll_bus.h **** 
 440:Drivers/STM32F0xx_HAL_Driver/Inc/stm32f0xx_ll_bus.h **** /**
 441:Drivers/STM32F0xx_HAL_Driver/Inc/stm32f0xx_ll_bus.h ****   * @brief  Check if APB1 peripheral clock is enabled or not (available in register 1).
 442:Drivers/STM32F0xx_HAL_Driver/Inc/stm32f0xx_ll_bus.h ****   * @rmtoll APB1ENR      TIM2EN        LL_APB1_GRP1_IsEnabledClock\n
 443:Drivers/STM32F0xx_HAL_Driver/Inc/stm32f0xx_ll_bus.h ****   *         APB1ENR      TIM3EN        LL_APB1_GRP1_IsEnabledClock\n
 444:Drivers/STM32F0xx_HAL_Driver/Inc/stm32f0xx_ll_bus.h ****   *         APB1ENR      TIM6EN        LL_APB1_GRP1_IsEnabledClock\n
 445:Drivers/STM32F0xx_HAL_Driver/Inc/stm32f0xx_ll_bus.h ****   *         APB1ENR      TIM7EN        LL_APB1_GRP1_IsEnabledClock\n
 446:Drivers/STM32F0xx_HAL_Driver/Inc/stm32f0xx_ll_bus.h ****   *         APB1ENR      TIM14EN       LL_APB1_GRP1_IsEnabledClock\n
 447:Drivers/STM32F0xx_HAL_Driver/Inc/stm32f0xx_ll_bus.h ****   *         APB1ENR      WWDGEN        LL_APB1_GRP1_IsEnabledClock\n
 448:Drivers/STM32F0xx_HAL_Driver/Inc/stm32f0xx_ll_bus.h ****   *         APB1ENR      SPI2EN        LL_APB1_GRP1_IsEnabledClock\n
 449:Drivers/STM32F0xx_HAL_Driver/Inc/stm32f0xx_ll_bus.h ****   *         APB1ENR      USART2EN      LL_APB1_GRP1_IsEnabledClock\n
 450:Drivers/STM32F0xx_HAL_Driver/Inc/stm32f0xx_ll_bus.h ****   *         APB1ENR      USART3EN      LL_APB1_GRP1_IsEnabledClock\n
 451:Drivers/STM32F0xx_HAL_Driver/Inc/stm32f0xx_ll_bus.h ****   *         APB1ENR      USART4EN      LL_APB1_GRP1_IsEnabledClock\n
 452:Drivers/STM32F0xx_HAL_Driver/Inc/stm32f0xx_ll_bus.h ****   *         APB1ENR      USART5EN      LL_APB1_GRP1_IsEnabledClock\n
 453:Drivers/STM32F0xx_HAL_Driver/Inc/stm32f0xx_ll_bus.h ****   *         APB1ENR      I2C1EN        LL_APB1_GRP1_IsEnabledClock\n
 454:Drivers/STM32F0xx_HAL_Driver/Inc/stm32f0xx_ll_bus.h ****   *         APB1ENR      I2C2EN        LL_APB1_GRP1_IsEnabledClock\n
 455:Drivers/STM32F0xx_HAL_Driver/Inc/stm32f0xx_ll_bus.h ****   *         APB1ENR      USBEN         LL_APB1_GRP1_IsEnabledClock\n
 456:Drivers/STM32F0xx_HAL_Driver/Inc/stm32f0xx_ll_bus.h ****   *         APB1ENR      CANEN         LL_APB1_GRP1_IsEnabledClock\n
 457:Drivers/STM32F0xx_HAL_Driver/Inc/stm32f0xx_ll_bus.h ****   *         APB1ENR      CRSEN         LL_APB1_GRP1_IsEnabledClock\n
 458:Drivers/STM32F0xx_HAL_Driver/Inc/stm32f0xx_ll_bus.h ****   *         APB1ENR      PWREN         LL_APB1_GRP1_IsEnabledClock\n
 459:Drivers/STM32F0xx_HAL_Driver/Inc/stm32f0xx_ll_bus.h ****   *         APB1ENR      DACEN         LL_APB1_GRP1_IsEnabledClock\n
 460:Drivers/STM32F0xx_HAL_Driver/Inc/stm32f0xx_ll_bus.h ****   *         APB1ENR      CECEN         LL_APB1_GRP1_IsEnabledClock
 461:Drivers/STM32F0xx_HAL_Driver/Inc/stm32f0xx_ll_bus.h ****   * @param  Periphs This parameter can be a combination of the following values:
 462:Drivers/STM32F0xx_HAL_Driver/Inc/stm32f0xx_ll_bus.h ****   *         @arg @ref LL_APB1_GRP1_PERIPH_TIM2 (*)
ARM GAS  C:\Users\strag\AppData\Local\Temp\ccnVR8cw.s 			page 11


 463:Drivers/STM32F0xx_HAL_Driver/Inc/stm32f0xx_ll_bus.h ****   *         @arg @ref LL_APB1_GRP1_PERIPH_TIM3
 464:Drivers/STM32F0xx_HAL_Driver/Inc/stm32f0xx_ll_bus.h ****   *         @arg @ref LL_APB1_GRP1_PERIPH_TIM6 (*)
 465:Drivers/STM32F0xx_HAL_Driver/Inc/stm32f0xx_ll_bus.h ****   *         @arg @ref LL_APB1_GRP1_PERIPH_TIM7 (*)
 466:Drivers/STM32F0xx_HAL_Driver/Inc/stm32f0xx_ll_bus.h ****   *         @arg @ref LL_APB1_GRP1_PERIPH_TIM14
 467:Drivers/STM32F0xx_HAL_Driver/Inc/stm32f0xx_ll_bus.h ****   *         @arg @ref LL_APB1_GRP1_PERIPH_WWDG
 468:Drivers/STM32F0xx_HAL_Driver/Inc/stm32f0xx_ll_bus.h ****   *         @arg @ref LL_APB1_GRP1_PERIPH_SPI2 (*)
 469:Drivers/STM32F0xx_HAL_Driver/Inc/stm32f0xx_ll_bus.h ****   *         @arg @ref LL_APB1_GRP1_PERIPH_USART2 (*)
 470:Drivers/STM32F0xx_HAL_Driver/Inc/stm32f0xx_ll_bus.h ****   *         @arg @ref LL_APB1_GRP1_PERIPH_USART3 (*)
 471:Drivers/STM32F0xx_HAL_Driver/Inc/stm32f0xx_ll_bus.h ****   *         @arg @ref LL_APB1_GRP1_PERIPH_USART4 (*)
 472:Drivers/STM32F0xx_HAL_Driver/Inc/stm32f0xx_ll_bus.h ****   *         @arg @ref LL_APB1_GRP1_PERIPH_USART5 (*)
 473:Drivers/STM32F0xx_HAL_Driver/Inc/stm32f0xx_ll_bus.h ****   *         @arg @ref LL_APB1_GRP1_PERIPH_I2C1
 474:Drivers/STM32F0xx_HAL_Driver/Inc/stm32f0xx_ll_bus.h ****   *         @arg @ref LL_APB1_GRP1_PERIPH_I2C2 (*)
 475:Drivers/STM32F0xx_HAL_Driver/Inc/stm32f0xx_ll_bus.h ****   *         @arg @ref LL_APB1_GRP1_PERIPH_USB (*)
 476:Drivers/STM32F0xx_HAL_Driver/Inc/stm32f0xx_ll_bus.h ****   *         @arg @ref LL_APB1_GRP1_PERIPH_CAN (*)
 477:Drivers/STM32F0xx_HAL_Driver/Inc/stm32f0xx_ll_bus.h ****   *         @arg @ref LL_APB1_GRP1_PERIPH_CRS (*)
 478:Drivers/STM32F0xx_HAL_Driver/Inc/stm32f0xx_ll_bus.h ****   *         @arg @ref LL_APB1_GRP1_PERIPH_PWR
 479:Drivers/STM32F0xx_HAL_Driver/Inc/stm32f0xx_ll_bus.h ****   *         @arg @ref LL_APB1_GRP1_PERIPH_DAC1 (*)
 480:Drivers/STM32F0xx_HAL_Driver/Inc/stm32f0xx_ll_bus.h ****   *         @arg @ref LL_APB1_GRP1_PERIPH_CEC (*)
 481:Drivers/STM32F0xx_HAL_Driver/Inc/stm32f0xx_ll_bus.h ****   *
 482:Drivers/STM32F0xx_HAL_Driver/Inc/stm32f0xx_ll_bus.h ****   *         (*) value not defined in all devices.
 483:Drivers/STM32F0xx_HAL_Driver/Inc/stm32f0xx_ll_bus.h ****   * @retval State of Periphs (1 or 0).
 484:Drivers/STM32F0xx_HAL_Driver/Inc/stm32f0xx_ll_bus.h **** */
 485:Drivers/STM32F0xx_HAL_Driver/Inc/stm32f0xx_ll_bus.h **** __STATIC_INLINE uint32_t LL_APB1_GRP1_IsEnabledClock(uint32_t Periphs)
 486:Drivers/STM32F0xx_HAL_Driver/Inc/stm32f0xx_ll_bus.h **** {
 487:Drivers/STM32F0xx_HAL_Driver/Inc/stm32f0xx_ll_bus.h ****   return (READ_BIT(RCC->APB1ENR, Periphs) == Periphs);
 488:Drivers/STM32F0xx_HAL_Driver/Inc/stm32f0xx_ll_bus.h **** }
 489:Drivers/STM32F0xx_HAL_Driver/Inc/stm32f0xx_ll_bus.h **** 
 490:Drivers/STM32F0xx_HAL_Driver/Inc/stm32f0xx_ll_bus.h **** /**
 491:Drivers/STM32F0xx_HAL_Driver/Inc/stm32f0xx_ll_bus.h ****   * @brief  Disable APB1 peripherals clock (available in register 1).
 492:Drivers/STM32F0xx_HAL_Driver/Inc/stm32f0xx_ll_bus.h ****   * @rmtoll APB1ENR      TIM2EN        LL_APB1_GRP1_DisableClock\n
 493:Drivers/STM32F0xx_HAL_Driver/Inc/stm32f0xx_ll_bus.h ****   *         APB1ENR      TIM3EN        LL_APB1_GRP1_DisableClock\n
 494:Drivers/STM32F0xx_HAL_Driver/Inc/stm32f0xx_ll_bus.h ****   *         APB1ENR      TIM6EN        LL_APB1_GRP1_DisableClock\n
 495:Drivers/STM32F0xx_HAL_Driver/Inc/stm32f0xx_ll_bus.h ****   *         APB1ENR      TIM7EN        LL_APB1_GRP1_DisableClock\n
 496:Drivers/STM32F0xx_HAL_Driver/Inc/stm32f0xx_ll_bus.h ****   *         APB1ENR      TIM14EN       LL_APB1_GRP1_DisableClock\n
 497:Drivers/STM32F0xx_HAL_Driver/Inc/stm32f0xx_ll_bus.h ****   *         APB1ENR      WWDGEN        LL_APB1_GRP1_DisableClock\n
 498:Drivers/STM32F0xx_HAL_Driver/Inc/stm32f0xx_ll_bus.h ****   *         APB1ENR      SPI2EN        LL_APB1_GRP1_DisableClock\n
 499:Drivers/STM32F0xx_HAL_Driver/Inc/stm32f0xx_ll_bus.h ****   *         APB1ENR      USART2EN      LL_APB1_GRP1_DisableClock\n
 500:Drivers/STM32F0xx_HAL_Driver/Inc/stm32f0xx_ll_bus.h ****   *         APB1ENR      USART3EN      LL_APB1_GRP1_DisableClock\n
 501:Drivers/STM32F0xx_HAL_Driver/Inc/stm32f0xx_ll_bus.h ****   *         APB1ENR      USART4EN      LL_APB1_GRP1_DisableClock\n
 502:Drivers/STM32F0xx_HAL_Driver/Inc/stm32f0xx_ll_bus.h ****   *         APB1ENR      USART5EN      LL_APB1_GRP1_DisableClock\n
 503:Drivers/STM32F0xx_HAL_Driver/Inc/stm32f0xx_ll_bus.h ****   *         APB1ENR      I2C1EN        LL_APB1_GRP1_DisableClock\n
 504:Drivers/STM32F0xx_HAL_Driver/Inc/stm32f0xx_ll_bus.h ****   *         APB1ENR      I2C2EN        LL_APB1_GRP1_DisableClock\n
 505:Drivers/STM32F0xx_HAL_Driver/Inc/stm32f0xx_ll_bus.h ****   *         APB1ENR      USBEN         LL_APB1_GRP1_DisableClock\n
 506:Drivers/STM32F0xx_HAL_Driver/Inc/stm32f0xx_ll_bus.h ****   *         APB1ENR      CANEN         LL_APB1_GRP1_DisableClock\n
 507:Drivers/STM32F0xx_HAL_Driver/Inc/stm32f0xx_ll_bus.h ****   *         APB1ENR      CRSEN         LL_APB1_GRP1_DisableClock\n
 508:Drivers/STM32F0xx_HAL_Driver/Inc/stm32f0xx_ll_bus.h ****   *         APB1ENR      PWREN         LL_APB1_GRP1_DisableClock\n
 509:Drivers/STM32F0xx_HAL_Driver/Inc/stm32f0xx_ll_bus.h ****   *         APB1ENR      DACEN         LL_APB1_GRP1_DisableClock\n
 510:Drivers/STM32F0xx_HAL_Driver/Inc/stm32f0xx_ll_bus.h ****   *         APB1ENR      CECEN         LL_APB1_GRP1_DisableClock
 511:Drivers/STM32F0xx_HAL_Driver/Inc/stm32f0xx_ll_bus.h ****   * @param  Periphs This parameter can be a combination of the following values:
 512:Drivers/STM32F0xx_HAL_Driver/Inc/stm32f0xx_ll_bus.h ****   *         @arg @ref LL_APB1_GRP1_PERIPH_TIM2 (*)
 513:Drivers/STM32F0xx_HAL_Driver/Inc/stm32f0xx_ll_bus.h ****   *         @arg @ref LL_APB1_GRP1_PERIPH_TIM3
 514:Drivers/STM32F0xx_HAL_Driver/Inc/stm32f0xx_ll_bus.h ****   *         @arg @ref LL_APB1_GRP1_PERIPH_TIM6 (*)
 515:Drivers/STM32F0xx_HAL_Driver/Inc/stm32f0xx_ll_bus.h ****   *         @arg @ref LL_APB1_GRP1_PERIPH_TIM7 (*)
 516:Drivers/STM32F0xx_HAL_Driver/Inc/stm32f0xx_ll_bus.h ****   *         @arg @ref LL_APB1_GRP1_PERIPH_TIM14
 517:Drivers/STM32F0xx_HAL_Driver/Inc/stm32f0xx_ll_bus.h ****   *         @arg @ref LL_APB1_GRP1_PERIPH_WWDG
 518:Drivers/STM32F0xx_HAL_Driver/Inc/stm32f0xx_ll_bus.h ****   *         @arg @ref LL_APB1_GRP1_PERIPH_SPI2 (*)
 519:Drivers/STM32F0xx_HAL_Driver/Inc/stm32f0xx_ll_bus.h ****   *         @arg @ref LL_APB1_GRP1_PERIPH_USART2 (*)
ARM GAS  C:\Users\strag\AppData\Local\Temp\ccnVR8cw.s 			page 12


 520:Drivers/STM32F0xx_HAL_Driver/Inc/stm32f0xx_ll_bus.h ****   *         @arg @ref LL_APB1_GRP1_PERIPH_USART3 (*)
 521:Drivers/STM32F0xx_HAL_Driver/Inc/stm32f0xx_ll_bus.h ****   *         @arg @ref LL_APB1_GRP1_PERIPH_USART4 (*)
 522:Drivers/STM32F0xx_HAL_Driver/Inc/stm32f0xx_ll_bus.h ****   *         @arg @ref LL_APB1_GRP1_PERIPH_USART5 (*)
 523:Drivers/STM32F0xx_HAL_Driver/Inc/stm32f0xx_ll_bus.h ****   *         @arg @ref LL_APB1_GRP1_PERIPH_I2C1
 524:Drivers/STM32F0xx_HAL_Driver/Inc/stm32f0xx_ll_bus.h ****   *         @arg @ref LL_APB1_GRP1_PERIPH_I2C2 (*)
 525:Drivers/STM32F0xx_HAL_Driver/Inc/stm32f0xx_ll_bus.h ****   *         @arg @ref LL_APB1_GRP1_PERIPH_USB (*)
 526:Drivers/STM32F0xx_HAL_Driver/Inc/stm32f0xx_ll_bus.h ****   *         @arg @ref LL_APB1_GRP1_PERIPH_CAN (*)
 527:Drivers/STM32F0xx_HAL_Driver/Inc/stm32f0xx_ll_bus.h ****   *         @arg @ref LL_APB1_GRP1_PERIPH_CRS (*)
 528:Drivers/STM32F0xx_HAL_Driver/Inc/stm32f0xx_ll_bus.h ****   *         @arg @ref LL_APB1_GRP1_PERIPH_PWR
 529:Drivers/STM32F0xx_HAL_Driver/Inc/stm32f0xx_ll_bus.h ****   *         @arg @ref LL_APB1_GRP1_PERIPH_DAC1 (*)
 530:Drivers/STM32F0xx_HAL_Driver/Inc/stm32f0xx_ll_bus.h ****   *         @arg @ref LL_APB1_GRP1_PERIPH_CEC (*)
 531:Drivers/STM32F0xx_HAL_Driver/Inc/stm32f0xx_ll_bus.h ****   *
 532:Drivers/STM32F0xx_HAL_Driver/Inc/stm32f0xx_ll_bus.h ****   *         (*) value not defined in all devices.
 533:Drivers/STM32F0xx_HAL_Driver/Inc/stm32f0xx_ll_bus.h ****   * @retval None
 534:Drivers/STM32F0xx_HAL_Driver/Inc/stm32f0xx_ll_bus.h **** */
 535:Drivers/STM32F0xx_HAL_Driver/Inc/stm32f0xx_ll_bus.h **** __STATIC_INLINE void LL_APB1_GRP1_DisableClock(uint32_t Periphs)
 536:Drivers/STM32F0xx_HAL_Driver/Inc/stm32f0xx_ll_bus.h **** {
 537:Drivers/STM32F0xx_HAL_Driver/Inc/stm32f0xx_ll_bus.h ****   CLEAR_BIT(RCC->APB1ENR, Periphs);
 538:Drivers/STM32F0xx_HAL_Driver/Inc/stm32f0xx_ll_bus.h **** }
 539:Drivers/STM32F0xx_HAL_Driver/Inc/stm32f0xx_ll_bus.h **** 
 540:Drivers/STM32F0xx_HAL_Driver/Inc/stm32f0xx_ll_bus.h **** /**
 541:Drivers/STM32F0xx_HAL_Driver/Inc/stm32f0xx_ll_bus.h ****   * @brief  Force APB1 peripherals reset (available in register 1).
 542:Drivers/STM32F0xx_HAL_Driver/Inc/stm32f0xx_ll_bus.h ****   * @rmtoll APB1RSTR     TIM2RST       LL_APB1_GRP1_ForceReset\n
 543:Drivers/STM32F0xx_HAL_Driver/Inc/stm32f0xx_ll_bus.h ****   *         APB1RSTR     TIM3RST       LL_APB1_GRP1_ForceReset\n
 544:Drivers/STM32F0xx_HAL_Driver/Inc/stm32f0xx_ll_bus.h ****   *         APB1RSTR     TIM6RST       LL_APB1_GRP1_ForceReset\n
 545:Drivers/STM32F0xx_HAL_Driver/Inc/stm32f0xx_ll_bus.h ****   *         APB1RSTR     TIM7RST       LL_APB1_GRP1_ForceReset\n
 546:Drivers/STM32F0xx_HAL_Driver/Inc/stm32f0xx_ll_bus.h ****   *         APB1RSTR     TIM14RST      LL_APB1_GRP1_ForceReset\n
 547:Drivers/STM32F0xx_HAL_Driver/Inc/stm32f0xx_ll_bus.h ****   *         APB1RSTR     WWDGRST       LL_APB1_GRP1_ForceReset\n
 548:Drivers/STM32F0xx_HAL_Driver/Inc/stm32f0xx_ll_bus.h ****   *         APB1RSTR     SPI2RST       LL_APB1_GRP1_ForceReset\n
 549:Drivers/STM32F0xx_HAL_Driver/Inc/stm32f0xx_ll_bus.h ****   *         APB1RSTR     USART2RST     LL_APB1_GRP1_ForceReset\n
 550:Drivers/STM32F0xx_HAL_Driver/Inc/stm32f0xx_ll_bus.h ****   *         APB1RSTR     USART3RST     LL_APB1_GRP1_ForceReset\n
 551:Drivers/STM32F0xx_HAL_Driver/Inc/stm32f0xx_ll_bus.h ****   *         APB1RSTR     USART4RST     LL_APB1_GRP1_ForceReset\n
 552:Drivers/STM32F0xx_HAL_Driver/Inc/stm32f0xx_ll_bus.h ****   *         APB1RSTR     USART5RST     LL_APB1_GRP1_ForceReset\n
 553:Drivers/STM32F0xx_HAL_Driver/Inc/stm32f0xx_ll_bus.h ****   *         APB1RSTR     I2C1RST       LL_APB1_GRP1_ForceReset\n
 554:Drivers/STM32F0xx_HAL_Driver/Inc/stm32f0xx_ll_bus.h ****   *         APB1RSTR     I2C2RST       LL_APB1_GRP1_ForceReset\n
 555:Drivers/STM32F0xx_HAL_Driver/Inc/stm32f0xx_ll_bus.h ****   *         APB1RSTR     USBRST        LL_APB1_GRP1_ForceReset\n
 556:Drivers/STM32F0xx_HAL_Driver/Inc/stm32f0xx_ll_bus.h ****   *         APB1RSTR     CANRST        LL_APB1_GRP1_ForceReset\n
 557:Drivers/STM32F0xx_HAL_Driver/Inc/stm32f0xx_ll_bus.h ****   *         APB1RSTR     CRSRST        LL_APB1_GRP1_ForceReset\n
 558:Drivers/STM32F0xx_HAL_Driver/Inc/stm32f0xx_ll_bus.h ****   *         APB1RSTR     PWRRST        LL_APB1_GRP1_ForceReset\n
 559:Drivers/STM32F0xx_HAL_Driver/Inc/stm32f0xx_ll_bus.h ****   *         APB1RSTR     DACRST        LL_APB1_GRP1_ForceReset\n
 560:Drivers/STM32F0xx_HAL_Driver/Inc/stm32f0xx_ll_bus.h ****   *         APB1RSTR     CECRST        LL_APB1_GRP1_ForceReset
 561:Drivers/STM32F0xx_HAL_Driver/Inc/stm32f0xx_ll_bus.h ****   * @param  Periphs This parameter can be a combination of the following values:
 562:Drivers/STM32F0xx_HAL_Driver/Inc/stm32f0xx_ll_bus.h ****   *         @arg @ref LL_APB1_GRP1_PERIPH_ALL
 563:Drivers/STM32F0xx_HAL_Driver/Inc/stm32f0xx_ll_bus.h ****   *         @arg @ref LL_APB1_GRP1_PERIPH_TIM2 (*)
 564:Drivers/STM32F0xx_HAL_Driver/Inc/stm32f0xx_ll_bus.h ****   *         @arg @ref LL_APB1_GRP1_PERIPH_TIM3
 565:Drivers/STM32F0xx_HAL_Driver/Inc/stm32f0xx_ll_bus.h ****   *         @arg @ref LL_APB1_GRP1_PERIPH_TIM6 (*)
 566:Drivers/STM32F0xx_HAL_Driver/Inc/stm32f0xx_ll_bus.h ****   *         @arg @ref LL_APB1_GRP1_PERIPH_TIM7 (*)
 567:Drivers/STM32F0xx_HAL_Driver/Inc/stm32f0xx_ll_bus.h ****   *         @arg @ref LL_APB1_GRP1_PERIPH_TIM14
 568:Drivers/STM32F0xx_HAL_Driver/Inc/stm32f0xx_ll_bus.h ****   *         @arg @ref LL_APB1_GRP1_PERIPH_WWDG
 569:Drivers/STM32F0xx_HAL_Driver/Inc/stm32f0xx_ll_bus.h ****   *         @arg @ref LL_APB1_GRP1_PERIPH_SPI2 (*)
 570:Drivers/STM32F0xx_HAL_Driver/Inc/stm32f0xx_ll_bus.h ****   *         @arg @ref LL_APB1_GRP1_PERIPH_USART2 (*)
 571:Drivers/STM32F0xx_HAL_Driver/Inc/stm32f0xx_ll_bus.h ****   *         @arg @ref LL_APB1_GRP1_PERIPH_USART3 (*)
 572:Drivers/STM32F0xx_HAL_Driver/Inc/stm32f0xx_ll_bus.h ****   *         @arg @ref LL_APB1_GRP1_PERIPH_USART4 (*)
 573:Drivers/STM32F0xx_HAL_Driver/Inc/stm32f0xx_ll_bus.h ****   *         @arg @ref LL_APB1_GRP1_PERIPH_USART5 (*)
 574:Drivers/STM32F0xx_HAL_Driver/Inc/stm32f0xx_ll_bus.h ****   *         @arg @ref LL_APB1_GRP1_PERIPH_I2C1
 575:Drivers/STM32F0xx_HAL_Driver/Inc/stm32f0xx_ll_bus.h ****   *         @arg @ref LL_APB1_GRP1_PERIPH_I2C2 (*)
 576:Drivers/STM32F0xx_HAL_Driver/Inc/stm32f0xx_ll_bus.h ****   *         @arg @ref LL_APB1_GRP1_PERIPH_USB (*)
ARM GAS  C:\Users\strag\AppData\Local\Temp\ccnVR8cw.s 			page 13


 577:Drivers/STM32F0xx_HAL_Driver/Inc/stm32f0xx_ll_bus.h ****   *         @arg @ref LL_APB1_GRP1_PERIPH_CAN (*)
 578:Drivers/STM32F0xx_HAL_Driver/Inc/stm32f0xx_ll_bus.h ****   *         @arg @ref LL_APB1_GRP1_PERIPH_CRS (*)
 579:Drivers/STM32F0xx_HAL_Driver/Inc/stm32f0xx_ll_bus.h ****   *         @arg @ref LL_APB1_GRP1_PERIPH_PWR
 580:Drivers/STM32F0xx_HAL_Driver/Inc/stm32f0xx_ll_bus.h ****   *         @arg @ref LL_APB1_GRP1_PERIPH_DAC1 (*)
 581:Drivers/STM32F0xx_HAL_Driver/Inc/stm32f0xx_ll_bus.h ****   *         @arg @ref LL_APB1_GRP1_PERIPH_CEC (*)
 582:Drivers/STM32F0xx_HAL_Driver/Inc/stm32f0xx_ll_bus.h ****   *
 583:Drivers/STM32F0xx_HAL_Driver/Inc/stm32f0xx_ll_bus.h ****   *         (*) value not defined in all devices.
 584:Drivers/STM32F0xx_HAL_Driver/Inc/stm32f0xx_ll_bus.h ****   * @retval None
 585:Drivers/STM32F0xx_HAL_Driver/Inc/stm32f0xx_ll_bus.h **** */
 586:Drivers/STM32F0xx_HAL_Driver/Inc/stm32f0xx_ll_bus.h **** __STATIC_INLINE void LL_APB1_GRP1_ForceReset(uint32_t Periphs)
 587:Drivers/STM32F0xx_HAL_Driver/Inc/stm32f0xx_ll_bus.h **** {
 588:Drivers/STM32F0xx_HAL_Driver/Inc/stm32f0xx_ll_bus.h ****   SET_BIT(RCC->APB1RSTR, Periphs);
  37              		.loc 2 588 0
  38 0000 054B     		ldr	r3, .L2
  39 0002 1A69     		ldr	r2, [r3, #16]
  40 0004 8021     		movs	r1, #128
  41 0006 4905     		lsls	r1, r1, #21
  42 0008 0A43     		orrs	r2, r1
  43 000a 1A61     		str	r2, [r3, #16]
  44              	.LVL1:
  45              	.LBE7:
  46              	.LBE6:
  47              	.LBB8:
  48              	.LBB9:
 589:Drivers/STM32F0xx_HAL_Driver/Inc/stm32f0xx_ll_bus.h **** }
 590:Drivers/STM32F0xx_HAL_Driver/Inc/stm32f0xx_ll_bus.h **** 
 591:Drivers/STM32F0xx_HAL_Driver/Inc/stm32f0xx_ll_bus.h **** /**
 592:Drivers/STM32F0xx_HAL_Driver/Inc/stm32f0xx_ll_bus.h ****   * @brief  Release APB1 peripherals reset (available in register 1).
 593:Drivers/STM32F0xx_HAL_Driver/Inc/stm32f0xx_ll_bus.h ****   * @rmtoll APB1RSTR     TIM2RST       LL_APB1_GRP1_ReleaseReset\n
 594:Drivers/STM32F0xx_HAL_Driver/Inc/stm32f0xx_ll_bus.h ****   *         APB1RSTR     TIM3RST       LL_APB1_GRP1_ReleaseReset\n
 595:Drivers/STM32F0xx_HAL_Driver/Inc/stm32f0xx_ll_bus.h ****   *         APB1RSTR     TIM6RST       LL_APB1_GRP1_ReleaseReset\n
 596:Drivers/STM32F0xx_HAL_Driver/Inc/stm32f0xx_ll_bus.h ****   *         APB1RSTR     TIM7RST       LL_APB1_GRP1_ReleaseReset\n
 597:Drivers/STM32F0xx_HAL_Driver/Inc/stm32f0xx_ll_bus.h ****   *         APB1RSTR     TIM14RST      LL_APB1_GRP1_ReleaseReset\n
 598:Drivers/STM32F0xx_HAL_Driver/Inc/stm32f0xx_ll_bus.h ****   *         APB1RSTR     WWDGRST       LL_APB1_GRP1_ReleaseReset\n
 599:Drivers/STM32F0xx_HAL_Driver/Inc/stm32f0xx_ll_bus.h ****   *         APB1RSTR     SPI2RST       LL_APB1_GRP1_ReleaseReset\n
 600:Drivers/STM32F0xx_HAL_Driver/Inc/stm32f0xx_ll_bus.h ****   *         APB1RSTR     USART2RST     LL_APB1_GRP1_ReleaseReset\n
 601:Drivers/STM32F0xx_HAL_Driver/Inc/stm32f0xx_ll_bus.h ****   *         APB1RSTR     USART3RST     LL_APB1_GRP1_ReleaseReset\n
 602:Drivers/STM32F0xx_HAL_Driver/Inc/stm32f0xx_ll_bus.h ****   *         APB1RSTR     USART4RST     LL_APB1_GRP1_ReleaseReset\n
 603:Drivers/STM32F0xx_HAL_Driver/Inc/stm32f0xx_ll_bus.h ****   *         APB1RSTR     USART5RST     LL_APB1_GRP1_ReleaseReset\n
 604:Drivers/STM32F0xx_HAL_Driver/Inc/stm32f0xx_ll_bus.h ****   *         APB1RSTR     I2C1RST       LL_APB1_GRP1_ReleaseReset\n
 605:Drivers/STM32F0xx_HAL_Driver/Inc/stm32f0xx_ll_bus.h ****   *         APB1RSTR     I2C2RST       LL_APB1_GRP1_ReleaseReset\n
 606:Drivers/STM32F0xx_HAL_Driver/Inc/stm32f0xx_ll_bus.h ****   *         APB1RSTR     USBRST        LL_APB1_GRP1_ReleaseReset\n
 607:Drivers/STM32F0xx_HAL_Driver/Inc/stm32f0xx_ll_bus.h ****   *         APB1RSTR     CANRST        LL_APB1_GRP1_ReleaseReset\n
 608:Drivers/STM32F0xx_HAL_Driver/Inc/stm32f0xx_ll_bus.h ****   *         APB1RSTR     CRSRST        LL_APB1_GRP1_ReleaseReset\n
 609:Drivers/STM32F0xx_HAL_Driver/Inc/stm32f0xx_ll_bus.h ****   *         APB1RSTR     PWRRST        LL_APB1_GRP1_ReleaseReset\n
 610:Drivers/STM32F0xx_HAL_Driver/Inc/stm32f0xx_ll_bus.h ****   *         APB1RSTR     DACRST        LL_APB1_GRP1_ReleaseReset\n
 611:Drivers/STM32F0xx_HAL_Driver/Inc/stm32f0xx_ll_bus.h ****   *         APB1RSTR     CECRST        LL_APB1_GRP1_ReleaseReset
 612:Drivers/STM32F0xx_HAL_Driver/Inc/stm32f0xx_ll_bus.h ****   * @param  Periphs This parameter can be a combination of the following values:
 613:Drivers/STM32F0xx_HAL_Driver/Inc/stm32f0xx_ll_bus.h ****   *         @arg @ref LL_APB1_GRP1_PERIPH_ALL
 614:Drivers/STM32F0xx_HAL_Driver/Inc/stm32f0xx_ll_bus.h ****   *         @arg @ref LL_APB1_GRP1_PERIPH_TIM2 (*)
 615:Drivers/STM32F0xx_HAL_Driver/Inc/stm32f0xx_ll_bus.h ****   *         @arg @ref LL_APB1_GRP1_PERIPH_TIM3
 616:Drivers/STM32F0xx_HAL_Driver/Inc/stm32f0xx_ll_bus.h ****   *         @arg @ref LL_APB1_GRP1_PERIPH_TIM6 (*)
 617:Drivers/STM32F0xx_HAL_Driver/Inc/stm32f0xx_ll_bus.h ****   *         @arg @ref LL_APB1_GRP1_PERIPH_TIM7 (*)
 618:Drivers/STM32F0xx_HAL_Driver/Inc/stm32f0xx_ll_bus.h ****   *         @arg @ref LL_APB1_GRP1_PERIPH_TIM14
 619:Drivers/STM32F0xx_HAL_Driver/Inc/stm32f0xx_ll_bus.h ****   *         @arg @ref LL_APB1_GRP1_PERIPH_WWDG
 620:Drivers/STM32F0xx_HAL_Driver/Inc/stm32f0xx_ll_bus.h ****   *         @arg @ref LL_APB1_GRP1_PERIPH_SPI2 (*)
 621:Drivers/STM32F0xx_HAL_Driver/Inc/stm32f0xx_ll_bus.h ****   *         @arg @ref LL_APB1_GRP1_PERIPH_USART2 (*)
ARM GAS  C:\Users\strag\AppData\Local\Temp\ccnVR8cw.s 			page 14


 622:Drivers/STM32F0xx_HAL_Driver/Inc/stm32f0xx_ll_bus.h ****   *         @arg @ref LL_APB1_GRP1_PERIPH_USART3 (*)
 623:Drivers/STM32F0xx_HAL_Driver/Inc/stm32f0xx_ll_bus.h ****   *         @arg @ref LL_APB1_GRP1_PERIPH_USART4 (*)
 624:Drivers/STM32F0xx_HAL_Driver/Inc/stm32f0xx_ll_bus.h ****   *         @arg @ref LL_APB1_GRP1_PERIPH_USART5 (*)
 625:Drivers/STM32F0xx_HAL_Driver/Inc/stm32f0xx_ll_bus.h ****   *         @arg @ref LL_APB1_GRP1_PERIPH_I2C1
 626:Drivers/STM32F0xx_HAL_Driver/Inc/stm32f0xx_ll_bus.h ****   *         @arg @ref LL_APB1_GRP1_PERIPH_I2C2 (*)
 627:Drivers/STM32F0xx_HAL_Driver/Inc/stm32f0xx_ll_bus.h ****   *         @arg @ref LL_APB1_GRP1_PERIPH_USB (*)
 628:Drivers/STM32F0xx_HAL_Driver/Inc/stm32f0xx_ll_bus.h ****   *         @arg @ref LL_APB1_GRP1_PERIPH_CAN (*)
 629:Drivers/STM32F0xx_HAL_Driver/Inc/stm32f0xx_ll_bus.h ****   *         @arg @ref LL_APB1_GRP1_PERIPH_CRS (*)
 630:Drivers/STM32F0xx_HAL_Driver/Inc/stm32f0xx_ll_bus.h ****   *         @arg @ref LL_APB1_GRP1_PERIPH_PWR
 631:Drivers/STM32F0xx_HAL_Driver/Inc/stm32f0xx_ll_bus.h ****   *         @arg @ref LL_APB1_GRP1_PERIPH_DAC1 (*)
 632:Drivers/STM32F0xx_HAL_Driver/Inc/stm32f0xx_ll_bus.h ****   *         @arg @ref LL_APB1_GRP1_PERIPH_CEC (*)
 633:Drivers/STM32F0xx_HAL_Driver/Inc/stm32f0xx_ll_bus.h ****   *
 634:Drivers/STM32F0xx_HAL_Driver/Inc/stm32f0xx_ll_bus.h ****   *         (*) value not defined in all devices.
 635:Drivers/STM32F0xx_HAL_Driver/Inc/stm32f0xx_ll_bus.h ****   * @retval None
 636:Drivers/STM32F0xx_HAL_Driver/Inc/stm32f0xx_ll_bus.h **** */
 637:Drivers/STM32F0xx_HAL_Driver/Inc/stm32f0xx_ll_bus.h **** __STATIC_INLINE void LL_APB1_GRP1_ReleaseReset(uint32_t Periphs)
 638:Drivers/STM32F0xx_HAL_Driver/Inc/stm32f0xx_ll_bus.h **** {
 639:Drivers/STM32F0xx_HAL_Driver/Inc/stm32f0xx_ll_bus.h ****   CLEAR_BIT(RCC->APB1RSTR, Periphs);
  49              		.loc 2 639 0
  50 000c 1969     		ldr	r1, [r3, #16]
  51 000e 034A     		ldr	r2, .L2+4
  52 0010 0A40     		ands	r2, r1
  53 0012 1A61     		str	r2, [r3, #16]
  54              	.LVL2:
  55              	.LBE9:
  56              	.LBE8:
  74:Drivers/STM32F0xx_HAL_Driver/Src/stm32f0xx_ll_pwr.c ****   /* Force reset of PWR clock */
  75:Drivers/STM32F0xx_HAL_Driver/Src/stm32f0xx_ll_pwr.c ****   LL_APB1_GRP1_ForceReset(LL_APB1_GRP1_PERIPH_PWR);
  76:Drivers/STM32F0xx_HAL_Driver/Src/stm32f0xx_ll_pwr.c **** 
  77:Drivers/STM32F0xx_HAL_Driver/Src/stm32f0xx_ll_pwr.c ****   /* Release reset of PWR clock */
  78:Drivers/STM32F0xx_HAL_Driver/Src/stm32f0xx_ll_pwr.c ****   LL_APB1_GRP1_ReleaseReset(LL_APB1_GRP1_PERIPH_PWR);
  79:Drivers/STM32F0xx_HAL_Driver/Src/stm32f0xx_ll_pwr.c **** 
  80:Drivers/STM32F0xx_HAL_Driver/Src/stm32f0xx_ll_pwr.c ****   return SUCCESS;
  81:Drivers/STM32F0xx_HAL_Driver/Src/stm32f0xx_ll_pwr.c **** }
  57              		.loc 1 81 0
  58 0014 0120     		movs	r0, #1
  59              		@ sp needed
  60 0016 7047     		bx	lr
  61              	.L3:
  62              		.align	2
  63              	.L2:
  64 0018 00100240 		.word	1073876992
  65 001c FFFFFFEF 		.word	-268435457
  66              		.cfi_endproc
  67              	.LFE63:
  69              		.text
  70              	.Letext0:
  71              		.file 3 "d:\\gcc-arm-none-eabi-5_4-2016q3-20160926-win32\\arm-none-eabi\\include\\machine\\_defaul
  72              		.file 4 "d:\\gcc-arm-none-eabi-5_4-2016q3-20160926-win32\\arm-none-eabi\\include\\sys\\_stdint.h"
  73              		.file 5 "Drivers/CMSIS/Device/ST/STM32F0xx/Include/stm32f070x6.h"
  74              		.file 6 "Drivers/CMSIS/Device/ST/STM32F0xx/Include/stm32f0xx.h"
ARM GAS  C:\Users\strag\AppData\Local\Temp\ccnVR8cw.s 			page 15


DEFINED SYMBOLS
                            *ABS*:00000000 stm32f0xx_ll_pwr.c
C:\Users\strag\AppData\Local\Temp\ccnVR8cw.s:20     .text.LL_PWR_DeInit:00000000 $t
C:\Users\strag\AppData\Local\Temp\ccnVR8cw.s:25     .text.LL_PWR_DeInit:00000000 LL_PWR_DeInit
C:\Users\strag\AppData\Local\Temp\ccnVR8cw.s:64     .text.LL_PWR_DeInit:00000018 $d
                     .debug_frame:00000010 $d

NO UNDEFINED SYMBOLS
