ARM GAS  C:\Users\strag\AppData\Local\Temp\ccQSAYvz.s 			page 1


   1              		.syntax unified
   2              		.cpu cortex-m0
   3              		.fpu softvfp
   4              		.eabi_attribute 20, 1
   5              		.eabi_attribute 21, 1
   6              		.eabi_attribute 23, 3
   7              		.eabi_attribute 24, 1
   8              		.eabi_attribute 25, 1
   9              		.eabi_attribute 26, 1
  10              		.eabi_attribute 30, 1
  11              		.eabi_attribute 34, 0
  12              		.eabi_attribute 18, 4
  13              		.thumb
  14              		.syntax unified
  15              		.file	"user_hal.c"
  16              		.text
  17              	.Ltext0:
  18              		.cfi_sections	.debug_frame
  19              		.global	__aeabi_uidivmod
  20              		.section	.text.uwBuf_EmpLen,"ax",%progbits
  21              		.align	2
  22              		.code	16
  23              		.thumb_func
  25              	uwBuf_EmpLen:
  26              	.LFB38:
  27              		.file 1 "Src/user_hal.c"
   1:Src/user_hal.c **** 
   2:Src/user_hal.c **** #include "user_hal.h"
   3:Src/user_hal.c **** /*----------------------------------------------------------------------
   4:Src/user_hal.c ****                             内部函数声明
   5:Src/user_hal.c **** ----------------------------------------------------------------------*/
   6:Src/user_hal.c **** static uint32_t uwBuf_EmpLen(const struct ucbuf *buf);
   7:Src/user_hal.c **** static uint32_t uwBuf_UnReadLen(const struct ucbuf *buf);
   8:Src/user_hal.c **** static void vBuf_Clear(struct ucbuf *buf);
   9:Src/user_hal.c **** 
  10:Src/user_hal.c **** /*----------------------------------------------------------------------
  11:Src/user_hal.c ****                             全局变量定义
  12:Src/user_hal.c **** ----------------------------------------------------------------------*/
  13:Src/user_hal.c **** UartDef UART_GPRS;
  14:Src/user_hal.c **** 
  15:Src/user_hal.c **** /*----------------------------------------------------------------------
  16:Src/user_hal.c ****                           外部全局变量声明
  17:Src/user_hal.c **** ----------------------------------------------------------------------*/
  18:Src/user_hal.c **** 
  19:Src/user_hal.c **** /*----------------------------------------------------------------------
  20:Src/user_hal.c ****                             内部函数定义
  21:Src/user_hal.c **** ----------------------------------------------------------------------*/
  22:Src/user_hal.c **** 
  23:Src/user_hal.c **** /***************************************************************
  24:Src/user_hal.c **** * 函数名称: vUserHal_Init
  25:Src/user_hal.c **** * 功能描述: 硬件中间层初始化，所调用函数为CobeMx自动生成
  26:Src/user_hal.c **** * 输入参数: 
  27:Src/user_hal.c **** * 输出参数: 
  28:Src/user_hal.c **** * 返 回 值: 
  29:Src/user_hal.c **** ****************************************************************/
  30:Src/user_hal.c **** void vUartHal_Init(void)
  31:Src/user_hal.c **** {
ARM GAS  C:\Users\strag\AppData\Local\Temp\ccQSAYvz.s 			page 2


  32:Src/user_hal.c ****     //LL_SYSTICK_EnableIT();
  33:Src/user_hal.c ****     UART_GPRS.handler = USART1;
  34:Src/user_hal.c ****     memset(UART_GPRS.Sndbuf.data, 0, BUF_SIZE);
  35:Src/user_hal.c ****     UART_GPRS.Sndbuf.wr = 0;
  36:Src/user_hal.c ****     UART_GPRS.Sndbuf.rd = 0;
  37:Src/user_hal.c ****     memset(UART_GPRS.Rsvbuf.data, 0, BUF_SIZE);
  38:Src/user_hal.c ****     UART_GPRS.Rsvbuf.wr = 0;
  39:Src/user_hal.c ****     UART_GPRS.Rsvbuf.rd = 0;
  40:Src/user_hal.c **** }
  41:Src/user_hal.c **** 
  42:Src/user_hal.c **** /***************************************************************
  43:Src/user_hal.c **** * 函数名称: Uart_Read
  44:Src/user_hal.c **** * 功能描述: 读串口
  45:Src/user_hal.c **** * 输入参数: puart：串口结构体指针  buf:存储位置   count：读取数量  delay：等
  46:Src/user_hal.c **** * 输出参数: 无
  47:Src/user_hal.c **** * 返 回 值: > 0：实际读取的数量   -1：无数据或count==0或错误 
  48:Src/user_hal.c **** ****************************************************************/
  49:Src/user_hal.c **** int32_t Uart_Read_IT(UartDef *puart, uint8_t *buf, uint32_t count, uint32_t delay)
  50:Src/user_hal.c **** {
  51:Src/user_hal.c ****     uint32_t readlen = 0;
  52:Src/user_hal.c ****     uint16_t i;
  53:Src/user_hal.c ****     if (!count || count > 0xFFFF)
  54:Src/user_hal.c ****         return -1;
  55:Src/user_hal.c ****     LL_USART_EnableIT_RXNE(puart->handler);
  56:Src/user_hal.c ****     readlen = uwBuf_UnReadLen(&puart->Rsvbuf);
  57:Src/user_hal.c ****     while (delay)
  58:Src/user_hal.c ****     {
  59:Src/user_hal.c ****         readlen = uwBuf_UnReadLen(&puart->Rsvbuf);
  60:Src/user_hal.c ****         /*多余的字节本次丢弃，并调用BufClear防止后面再读取*/
  61:Src/user_hal.c ****         if (readlen >= count)
  62:Src/user_hal.c ****             break;
  63:Src/user_hal.c ****         if ((SysTick->CTRL & SysTick_CTRL_COUNTFLAG_Msk) != 0U)
  64:Src/user_hal.c ****         {
  65:Src/user_hal.c ****             delay--;
  66:Src/user_hal.c ****         }
  67:Src/user_hal.c ****     }
  68:Src/user_hal.c ****     LL_USART_DisableIT_RXNE(puart->handler);
  69:Src/user_hal.c ****     if (readlen)
  70:Src/user_hal.c ****     {
  71:Src/user_hal.c ****         /*实际读到的长度*/
  72:Src/user_hal.c ****         readlen = (readlen < count ? readlen : count);
  73:Src/user_hal.c ****         for (i = 0; i < readlen; i++)
  74:Src/user_hal.c ****         {
  75:Src/user_hal.c ****             *(buf + i) = puart->Rsvbuf.data[puart->Rsvbuf.rd];
  76:Src/user_hal.c ****             puart->Rsvbuf.rd = (++puart->Rsvbuf.rd) & BUF_SIZE;
  77:Src/user_hal.c ****         }
  78:Src/user_hal.c ****         return readlen;
  79:Src/user_hal.c ****     }
  80:Src/user_hal.c ****     else
  81:Src/user_hal.c ****         return -1;
  82:Src/user_hal.c **** }
  83:Src/user_hal.c **** 
  84:Src/user_hal.c **** /***************************************************************
  85:Src/user_hal.c **** * 函数名称: Uart_Send
  86:Src/user_hal.c **** * 功能描述: 写串口
  87:Src/user_hal.c **** * 输入参数: uart：系统串口  buf:存储位置   count：发送数量
  88:Src/user_hal.c **** * 输出参数: 无
ARM GAS  C:\Users\strag\AppData\Local\Temp\ccQSAYvz.s 			page 3


  89:Src/user_hal.c **** * 返 回 值: > 0：实际发送的数量   -1：发送失败
  90:Src/user_hal.c **** ****************************************************************/
  91:Src/user_hal.c **** 
  92:Src/user_hal.c **** int32_t Uart_Write_IT(UartDef *puart, const uint8_t *buf, uint32_t count, uint32_t delay)
  93:Src/user_hal.c **** {
  94:Src/user_hal.c ****     uint32_t sendlen = 0;
  95:Src/user_hal.c ****     uint16_t i;
  96:Src/user_hal.c ****     //保证count不为0，可至少开启一次发送中断
  97:Src/user_hal.c ****     if (!count || count > uwBuf_EmpLen(&puart->Sndbuf))
  98:Src/user_hal.c ****         return -1;
  99:Src/user_hal.c ****     for (i = 0; i < count; i++)
 100:Src/user_hal.c ****     {
 101:Src/user_hal.c ****         puart->Sndbuf.data[puart->Sndbuf.wr] = *(buf + i);
 102:Src/user_hal.c ****         puart->Sndbuf.wr = (++puart->Sndbuf.wr) & BUF_SIZE;
 103:Src/user_hal.c ****     }
 104:Src/user_hal.c ****     sendlen = puart->Sndbuf.rd;
 105:Src/user_hal.c ****     LL_USART_EnableIT_TXE(puart->handler);
 106:Src/user_hal.c ****     while (delay)
 107:Src/user_hal.c ****     {
 108:Src/user_hal.c ****         /*发送完成*/
 109:Src/user_hal.c ****         if (!uwBuf_UnReadLen(&puart->Sndbuf))
 110:Src/user_hal.c ****             break;
 111:Src/user_hal.c ****         if ((SysTick->CTRL & SysTick_CTRL_COUNTFLAG_Msk) != 0U)
 112:Src/user_hal.c ****         {
 113:Src/user_hal.c ****             delay--;
 114:Src/user_hal.c ****         }
 115:Src/user_hal.c ****     }
 116:Src/user_hal.c ****     /*规定时间内未发送完成，也要关闭中断*/
 117:Src/user_hal.c ****     LL_USART_DisableIT_TXE(puart->handler);
 118:Src/user_hal.c ****     sendlen = (puart->Sndbuf.rd - sendlen + BUF_SIZE) & BUF_SIZE;
 119:Src/user_hal.c ****     return sendlen;
 120:Src/user_hal.c **** }
 121:Src/user_hal.c **** 
 122:Src/user_hal.c **** /***************************************************************
 123:Src/user_hal.c **** * 函数名称: vIRQ_Uart_Handle
 124:Src/user_hal.c **** * 功能描述: 串口中断处理
 125:Src/user_hal.c **** * 输入参数: 自定义串口类型指针
 126:Src/user_hal.c **** * 输出参数: 
 127:Src/user_hal.c **** * 返 回 值: 
 128:Src/user_hal.c **** ****************************************************************/
 129:Src/user_hal.c **** void vIRQ_Uart_Handle(UartDef *puart)
 130:Src/user_hal.c **** {
 131:Src/user_hal.c ****     if (LL_USART_IsActiveFlag_ORE(puart->handler))
 132:Src/user_hal.c ****     {
 133:Src/user_hal.c ****         LL_USART_ClearFlag_ORE(puart->handler);
 134:Src/user_hal.c ****     }
 135:Src/user_hal.c ****     /*接收*/
 136:Src/user_hal.c ****     if (LL_USART_IsActiveFlag_RXNE(puart->handler) &&
 137:Src/user_hal.c ****         LL_USART_IsEnabledIT_RXNE(puart->handler))
 138:Src/user_hal.c ****     {
 139:Src/user_hal.c ****         /*读取后自动清中断标志位*/
 140:Src/user_hal.c ****         if (uwBuf_EmpLen(&puart->Rsvbuf) == 0)
 141:Src/user_hal.c ****             return;
 142:Src/user_hal.c ****         else
 143:Src/user_hal.c ****         {
 144:Src/user_hal.c ****             puart->Rsvbuf.data[puart->Rsvbuf.wr] = LL_USART_ReceiveData8(puart->handler);
 145:Src/user_hal.c ****             puart->Rsvbuf.wr = ++puart->Rsvbuf.wr & BUF_SIZE;
ARM GAS  C:\Users\strag\AppData\Local\Temp\ccQSAYvz.s 			page 4


 146:Src/user_hal.c ****         }
 147:Src/user_hal.c ****     }
 148:Src/user_hal.c ****     /*发送*/
 149:Src/user_hal.c ****     if (LL_USART_IsActiveFlag_TXE(puart->handler) && //是否可以去掉
 150:Src/user_hal.c ****         LL_USART_IsEnabledIT_TXE(puart->handler))
 151:Src/user_hal.c ****     {
 152:Src/user_hal.c ****         LL_USART_TransmitData8(puart->handler, puart->Sndbuf.data[puart->Sndbuf.rd]);
 153:Src/user_hal.c ****         puart->Sndbuf.rd = ++puart->Sndbuf.rd & BUF_SIZE;
 154:Src/user_hal.c ****         if (uwBuf_UnReadLen(&puart->Sndbuf) == 0)
 155:Src/user_hal.c ****         {
 156:Src/user_hal.c ****             LL_USART_DisableIT_TXE(puart->handler);
 157:Src/user_hal.c ****         }
 158:Src/user_hal.c ****     }
 159:Src/user_hal.c **** }
 160:Src/user_hal.c **** 
 161:Src/user_hal.c **** /********************************************************************
 162:Src/user_hal.c **** * 功    能：查询驱动层缓存剩余空间
 163:Src/user_hal.c **** * 输    入：数据缓存结构体地址
 164:Src/user_hal.c **** * 输    出：uint32_t
 165:Src/user_hal.c **** *           
 166:Src/user_hal.c **** * 编 写 人：
 167:Src/user_hal.c **** * 编写日期：2016.6.28
 168:Src/user_hal.c **** **********************************************************************/
 169:Src/user_hal.c **** uint32_t uwBuf_EmpLen(const struct ucbuf *buf)
 170:Src/user_hal.c **** {
  28              		.loc 1 170 0
  29              		.cfi_startproc
  30              		@ args = 0, pretend = 0, frame = 0
  31              		@ frame_needed = 0, uses_anonymous_args = 0
  32              	.LVL0:
  33 0000 10B5     		push	{r4, lr}
  34              	.LCFI0:
  35              		.cfi_def_cfa_offset 8
  36              		.cfi_offset 4, -8
  37              		.cfi_offset 14, -4
 171:Src/user_hal.c ****     return ((buf->rd + BUF_SIZE - buf->wr) % BUF_SIZE - 1);
  38              		.loc 1 171 0
  39 0002 8023     		movs	r3, #128
  40 0004 9B00     		lsls	r3, r3, #2
  41 0006 C358     		ldr	r3, [r0, r3]
  42 0008 8122     		movs	r2, #129
  43 000a 9200     		lsls	r2, r2, #2
  44 000c 8058     		ldr	r0, [r0, r2]
  45              	.LVL1:
  46 000e 181A     		subs	r0, r3, r0
  47 0010 034B     		ldr	r3, .L2
  48 0012 9C46     		mov	ip, r3
  49 0014 6044     		add	r0, r0, ip
  50 0016 1900     		movs	r1, r3
  51 0018 FFF7FEFF 		bl	__aeabi_uidivmod
  52              	.LVL2:
  53 001c 481E     		subs	r0, r1, #1
 172:Src/user_hal.c **** }
  54              		.loc 1 172 0
  55              		@ sp needed
  56 001e 10BD     		pop	{r4, pc}
  57              	.L3:
ARM GAS  C:\Users\strag\AppData\Local\Temp\ccQSAYvz.s 			page 5


  58              		.align	2
  59              	.L2:
  60 0020 FF010000 		.word	511
  61              		.cfi_endproc
  62              	.LFE38:
  64              		.section	.text.uwBuf_UnReadLen,"ax",%progbits
  65              		.align	2
  66              		.code	16
  67              		.thumb_func
  69              	uwBuf_UnReadLen:
  70              	.LFB39:
 173:Src/user_hal.c **** /********************************************************************
 174:Src/user_hal.c **** * 功    能：查询缓存中未读的字节数
 175:Src/user_hal.c **** * 输    入：数据缓存结构体地址
 176:Src/user_hal.c **** * 输    出：uint32_t
 177:Src/user_hal.c **** *          
 178:Src/user_hal.c **** * 编 写 人：
 179:Src/user_hal.c **** * 编写日期：2016.6.28
 180:Src/user_hal.c **** **********************************************************************/
 181:Src/user_hal.c **** uint32_t uwBuf_UnReadLen(const struct ucbuf *buf)
 182:Src/user_hal.c **** {
  71              		.loc 1 182 0
  72              		.cfi_startproc
  73              		@ args = 0, pretend = 0, frame = 0
  74              		@ frame_needed = 0, uses_anonymous_args = 0
  75              	.LVL3:
  76 0000 10B5     		push	{r4, lr}
  77              	.LCFI1:
  78              		.cfi_def_cfa_offset 8
  79              		.cfi_offset 4, -8
  80              		.cfi_offset 14, -4
 183:Src/user_hal.c ****     return (buf->wr - buf->rd + BUF_SIZE) % BUF_SIZE;
  81              		.loc 1 183 0
  82 0002 8123     		movs	r3, #129
  83 0004 9B00     		lsls	r3, r3, #2
  84 0006 C358     		ldr	r3, [r0, r3]
  85 0008 8022     		movs	r2, #128
  86 000a 9200     		lsls	r2, r2, #2
  87 000c 8058     		ldr	r0, [r0, r2]
  88              	.LVL4:
  89 000e 181A     		subs	r0, r3, r0
  90 0010 034B     		ldr	r3, .L5
  91 0012 9C46     		mov	ip, r3
  92 0014 6044     		add	r0, r0, ip
  93 0016 1900     		movs	r1, r3
  94 0018 FFF7FEFF 		bl	__aeabi_uidivmod
  95              	.LVL5:
 184:Src/user_hal.c **** }
  96              		.loc 1 184 0
  97 001c 0800     		movs	r0, r1
  98              		@ sp needed
  99 001e 10BD     		pop	{r4, pc}
 100              	.L6:
 101              		.align	2
 102              	.L5:
 103 0020 FF010000 		.word	511
 104              		.cfi_endproc
ARM GAS  C:\Users\strag\AppData\Local\Temp\ccQSAYvz.s 			page 6


 105              	.LFE39:
 107              		.section	.text.vUartHal_Init,"ax",%progbits
 108              		.align	2
 109              		.global	vUartHal_Init
 110              		.code	16
 111              		.thumb_func
 113              	vUartHal_Init:
 114              	.LFB34:
  31:Src/user_hal.c ****     //LL_SYSTICK_EnableIT();
 115              		.loc 1 31 0
 116              		.cfi_startproc
 117              		@ args = 0, pretend = 0, frame = 0
 118              		@ frame_needed = 0, uses_anonymous_args = 0
 119 0000 70B5     		push	{r4, r5, r6, lr}
 120              	.LCFI2:
 121              		.cfi_def_cfa_offset 16
 122              		.cfi_offset 4, -16
 123              		.cfi_offset 5, -12
 124              		.cfi_offset 6, -8
 125              		.cfi_offset 14, -4
  33:Src/user_hal.c ****     memset(UART_GPRS.Sndbuf.data, 0, BUF_SIZE);
 126              		.loc 1 33 0
 127 0002 0E4C     		ldr	r4, .L8
 128 0004 0E4A     		ldr	r2, .L8+4
 129 0006 8223     		movs	r3, #130
 130 0008 DB00     		lsls	r3, r3, #3
 131 000a E250     		str	r2, [r4, r3]
  34:Src/user_hal.c ****     UART_GPRS.Sndbuf.wr = 0;
 132              		.loc 1 34 0
 133 000c 8223     		movs	r3, #130
 134 000e 9B00     		lsls	r3, r3, #2
 135 0010 E018     		adds	r0, r4, r3
 136 0012 0C4E     		ldr	r6, .L8+8
 137 0014 3200     		movs	r2, r6
 138 0016 0021     		movs	r1, #0
 139 0018 FFF7FEFF 		bl	memset
 140              	.LVL6:
  35:Src/user_hal.c ****     UART_GPRS.Sndbuf.rd = 0;
 141              		.loc 1 35 0
 142 001c 0025     		movs	r5, #0
 143 001e 0A4B     		ldr	r3, .L8+12
 144 0020 E550     		str	r5, [r4, r3]
  36:Src/user_hal.c ****     memset(UART_GPRS.Rsvbuf.data, 0, BUF_SIZE);
 145              		.loc 1 36 0
 146 0022 043B     		subs	r3, r3, #4
 147 0024 E550     		str	r5, [r4, r3]
  37:Src/user_hal.c ****     UART_GPRS.Rsvbuf.wr = 0;
 148              		.loc 1 37 0
 149 0026 3200     		movs	r2, r6
 150 0028 0021     		movs	r1, #0
 151 002a 2000     		movs	r0, r4
 152 002c FFF7FEFF 		bl	memset
 153              	.LVL7:
  38:Src/user_hal.c ****     UART_GPRS.Rsvbuf.rd = 0;
 154              		.loc 1 38 0
 155 0030 8123     		movs	r3, #129
 156 0032 9B00     		lsls	r3, r3, #2
ARM GAS  C:\Users\strag\AppData\Local\Temp\ccQSAYvz.s 			page 7


 157 0034 E550     		str	r5, [r4, r3]
  39:Src/user_hal.c **** }
 158              		.loc 1 39 0
 159 0036 043B     		subs	r3, r3, #4
 160 0038 E550     		str	r5, [r4, r3]
  40:Src/user_hal.c **** 
 161              		.loc 1 40 0
 162              		@ sp needed
 163 003a 70BD     		pop	{r4, r5, r6, pc}
 164              	.L9:
 165              		.align	2
 166              	.L8:
 167 003c 00000000 		.word	UART_GPRS
 168 0040 00380140 		.word	1073821696
 169 0044 FF010000 		.word	511
 170 0048 0C040000 		.word	1036
 171              		.cfi_endproc
 172              	.LFE34:
 174              		.section	.text.Uart_Read_IT,"ax",%progbits
 175              		.align	2
 176              		.global	Uart_Read_IT
 177              		.code	16
 178              		.thumb_func
 180              	Uart_Read_IT:
 181              	.LFB35:
  50:Src/user_hal.c ****     uint32_t readlen = 0;
 182              		.loc 1 50 0
 183              		.cfi_startproc
 184              		@ args = 0, pretend = 0, frame = 0
 185              		@ frame_needed = 0, uses_anonymous_args = 0
 186              	.LVL8:
 187 0000 F0B5     		push	{r4, r5, r6, r7, lr}
 188              	.LCFI3:
 189              		.cfi_def_cfa_offset 20
 190              		.cfi_offset 4, -20
 191              		.cfi_offset 5, -16
 192              		.cfi_offset 6, -12
 193              		.cfi_offset 7, -8
 194              		.cfi_offset 14, -4
 195 0002 4746     		mov	r7, r8
 196 0004 80B4     		push	{r7}
 197              	.LCFI4:
 198              		.cfi_def_cfa_offset 24
 199              		.cfi_offset 8, -24
 200 0006 0400     		movs	r4, r0
 201 0008 0E00     		movs	r6, r1
 202 000a 1500     		movs	r5, r2
 203 000c 9846     		mov	r8, r3
 204              	.LVL9:
  53:Src/user_hal.c ****         return -1;
 205              		.loc 1 53 0
 206 000e 013A     		subs	r2, r2, #1
 207              	.LVL10:
 208 0010 1E4B     		ldr	r3, .L21
 209              	.LVL11:
 210 0012 9A42     		cmp	r2, r3
 211 0014 32D8     		bhi	.L19
ARM GAS  C:\Users\strag\AppData\Local\Temp\ccQSAYvz.s 			page 8


  55:Src/user_hal.c ****     readlen = uwBuf_UnReadLen(&puart->Rsvbuf);
 212              		.loc 1 55 0
 213 0016 8223     		movs	r3, #130
 214 0018 DB00     		lsls	r3, r3, #3
 215 001a C058     		ldr	r0, [r0, r3]
 216              	.LVL12:
 217 001c FFF7FEFF 		bl	LL_USART_EnableIT_RXNE
 218              	.LVL13:
  56:Src/user_hal.c ****     while (delay)
 219              		.loc 1 56 0
 220 0020 2000     		movs	r0, r4
 221 0022 FFF7FEFF 		bl	uwBuf_UnReadLen
 222              	.LVL14:
 223 0026 0700     		movs	r7, r0
 224              	.LVL15:
  57:Src/user_hal.c ****     {
 225              		.loc 1 57 0
 226 0028 09E0     		b	.L14
 227              	.LVL16:
 228              	.L15:
  61:Src/user_hal.c ****             break;
 229              		.loc 1 61 0
 230 002a BD42     		cmp	r5, r7
 231 002c 0AD9     		bls	.L13
  63:Src/user_hal.c ****         {
 232              		.loc 1 63 0
 233 002e 184B     		ldr	r3, .L21+4
 234              	.LVL17:
 235 0030 1B68     		ldr	r3, [r3]
 236 0032 DB03     		lsls	r3, r3, #15
 237 0034 03D5     		bpl	.L14
  65:Src/user_hal.c ****         }
 238              		.loc 1 65 0
 239 0036 0123     		movs	r3, #1
 240 0038 5B42     		rsbs	r3, r3, #0
 241 003a 9C46     		mov	ip, r3
 242 003c E044     		add	r8, r8, ip
 243              	.LVL18:
 244              	.L14:
  57:Src/user_hal.c ****     {
 245              		.loc 1 57 0
 246 003e 4346     		mov	r3, r8
 247 0040 002B     		cmp	r3, #0
 248 0042 F2D1     		bne	.L15
 249              	.LVL19:
 250              	.L13:
  68:Src/user_hal.c ****     if (readlen)
 251              		.loc 1 68 0
 252 0044 8223     		movs	r3, #130
 253              	.LVL20:
 254 0046 DB00     		lsls	r3, r3, #3
 255 0048 E058     		ldr	r0, [r4, r3]
 256              	.LVL21:
 257 004a FFF7FEFF 		bl	LL_USART_DisableIT_RXNE
 258              	.LVL22:
  69:Src/user_hal.c ****     {
 259              		.loc 1 69 0
ARM GAS  C:\Users\strag\AppData\Local\Temp\ccQSAYvz.s 			page 9


 260 004e 002F     		cmp	r7, #0
 261 0050 17D0     		beq	.L20
  72:Src/user_hal.c ****         for (i = 0; i < readlen; i++)
 262              		.loc 1 72 0
 263 0052 2800     		movs	r0, r5
 264 0054 BD42     		cmp	r5, r7
 265 0056 00D9     		bls	.L16
 266              	.LVL23:
 267 0058 3800     		movs	r0, r7
 268              	.LVL24:
 269              	.L16:
  73:Src/user_hal.c ****         {
 270              		.loc 1 73 0
 271 005a 0021     		movs	r1, #0
 272 005c 0BE0     		b	.L17
 273              	.LVL25:
 274              	.L18:
  75:Src/user_hal.c ****             puart->Rsvbuf.rd = (++puart->Rsvbuf.rd) & BUF_SIZE;
 275              		.loc 1 75 0 discriminator 3
 276 005e 8025     		movs	r5, #128
 277 0060 AD00     		lsls	r5, r5, #2
 278 0062 6359     		ldr	r3, [r4, r5]
 279 0064 E35C     		ldrb	r3, [r4, r3]
 280 0066 7354     		strb	r3, [r6, r1]
  76:Src/user_hal.c ****         }
 281              		.loc 1 76 0 discriminator 3
 282 0068 6359     		ldr	r3, [r4, r5]
 283 006a 0133     		adds	r3, r3, #1
 284 006c DB05     		lsls	r3, r3, #23
 285 006e DB0D     		lsrs	r3, r3, #23
 286 0070 6351     		str	r3, [r4, r5]
  73:Src/user_hal.c ****         {
 287              		.loc 1 73 0 discriminator 3
 288 0072 0131     		adds	r1, r1, #1
 289              	.LVL26:
 290 0074 89B2     		uxth	r1, r1
 291              	.LVL27:
 292              	.L17:
  73:Src/user_hal.c ****         {
 293              		.loc 1 73 0 is_stmt 0 discriminator 1
 294 0076 8842     		cmp	r0, r1
 295 0078 F1D8     		bhi	.L18
  78:Src/user_hal.c ****     }
 296              		.loc 1 78 0 is_stmt 1
 297 007a 04E0     		b	.L11
 298              	.LVL28:
 299              	.L19:
  54:Src/user_hal.c ****     LL_USART_EnableIT_RXNE(puart->handler);
 300              		.loc 1 54 0
 301 007c 0120     		movs	r0, #1
 302              	.LVL29:
 303 007e 4042     		rsbs	r0, r0, #0
 304 0080 01E0     		b	.L11
 305              	.LVL30:
 306              	.L20:
  81:Src/user_hal.c **** }
 307              		.loc 1 81 0
ARM GAS  C:\Users\strag\AppData\Local\Temp\ccQSAYvz.s 			page 10


 308 0082 0120     		movs	r0, #1
 309 0084 4042     		rsbs	r0, r0, #0
 310              	.LVL31:
 311              	.L11:
  82:Src/user_hal.c **** 
 312              		.loc 1 82 0
 313              		@ sp needed
 314              	.LVL32:
 315              	.LVL33:
 316              	.LVL34:
 317 0086 04BC     		pop	{r2}
 318 0088 9046     		mov	r8, r2
 319 008a F0BD     		pop	{r4, r5, r6, r7, pc}
 320              	.L22:
 321              		.align	2
 322              	.L21:
 323 008c FEFF0000 		.word	65534
 324 0090 10E000E0 		.word	-536813552
 325              		.cfi_endproc
 326              	.LFE35:
 328              		.section	.text.Uart_Write_IT,"ax",%progbits
 329              		.align	2
 330              		.global	Uart_Write_IT
 331              		.code	16
 332              		.thumb_func
 334              	Uart_Write_IT:
 335              	.LFB36:
  93:Src/user_hal.c ****     uint32_t sendlen = 0;
 336              		.loc 1 93 0
 337              		.cfi_startproc
 338              		@ args = 0, pretend = 0, frame = 8
 339              		@ frame_needed = 0, uses_anonymous_args = 0
 340              	.LVL35:
 341 0000 F0B5     		push	{r4, r5, r6, r7, lr}
 342              	.LCFI5:
 343              		.cfi_def_cfa_offset 20
 344              		.cfi_offset 4, -20
 345              		.cfi_offset 5, -16
 346              		.cfi_offset 6, -12
 347              		.cfi_offset 7, -8
 348              		.cfi_offset 14, -4
 349 0002 4F46     		mov	r7, r9
 350 0004 4646     		mov	r6, r8
 351 0006 C0B4     		push	{r6, r7}
 352              	.LCFI6:
 353              		.cfi_def_cfa_offset 28
 354              		.cfi_offset 8, -28
 355              		.cfi_offset 9, -24
 356 0008 83B0     		sub	sp, sp, #12
 357              	.LCFI7:
 358              		.cfi_def_cfa_offset 40
 359 000a 0500     		movs	r5, r0
 360 000c 8946     		mov	r9, r1
 361 000e 1700     		movs	r7, r2
 362 0010 1E00     		movs	r6, r3
 363              	.LVL36:
  97:Src/user_hal.c ****         return -1;
ARM GAS  C:\Users\strag\AppData\Local\Temp\ccQSAYvz.s 			page 11


 364              		.loc 1 97 0
 365 0012 002A     		cmp	r2, #0
 366 0014 43D0     		beq	.L31
  97:Src/user_hal.c ****         return -1;
 367              		.loc 1 97 0 is_stmt 0 discriminator 1
 368 0016 8223     		movs	r3, #130
 369              	.LVL37:
 370 0018 9B00     		lsls	r3, r3, #2
 371 001a 9C46     		mov	ip, r3
 372 001c 8444     		add	ip, ip, r0
 373 001e 6346     		mov	r3, ip
 374 0020 0193     		str	r3, [sp, #4]
 375 0022 6046     		mov	r0, ip
 376              	.LVL38:
 377 0024 FFF7FEFF 		bl	uwBuf_EmpLen
 378              	.LVL39:
 379 0028 8742     		cmp	r7, r0
 380 002a 3BD8     		bhi	.L32
 381 002c 0022     		movs	r2, #0
 382 002e 11E0     		b	.L25
 383              	.LVL40:
 384              	.L26:
 101:Src/user_hal.c ****         puart->Sndbuf.wr = (++puart->Sndbuf.wr) & BUF_SIZE;
 385              		.loc 1 101 0 is_stmt 1 discriminator 3
 386 0030 2048     		ldr	r0, .L33
 387 0032 2B58     		ldr	r3, [r5, r0]
 388 0034 4946     		mov	r1, r9
 389 0036 895C     		ldrb	r1, [r1, r2]
 390 0038 8C46     		mov	ip, r1
 391 003a E918     		adds	r1, r5, r3
 392 003c 8224     		movs	r4, #130
 393 003e A400     		lsls	r4, r4, #2
 394 0040 A046     		mov	r8, r4
 395 0042 4144     		add	r1, r1, r8
 396 0044 6446     		mov	r4, ip
 397 0046 0C70     		strb	r4, [r1]
 102:Src/user_hal.c ****     }
 398              		.loc 1 102 0 discriminator 3
 399 0048 0133     		adds	r3, r3, #1
 400 004a DB05     		lsls	r3, r3, #23
 401 004c DB0D     		lsrs	r3, r3, #23
 402 004e 2B50     		str	r3, [r5, r0]
  99:Src/user_hal.c ****     {
 403              		.loc 1 99 0 discriminator 3
 404 0050 0132     		adds	r2, r2, #1
 405              	.LVL41:
 406 0052 92B2     		uxth	r2, r2
 407              	.LVL42:
 408              	.L25:
  99:Src/user_hal.c ****     {
 409              		.loc 1 99 0 is_stmt 0 discriminator 1
 410 0054 9742     		cmp	r7, r2
 411 0056 EBD8     		bhi	.L26
 104:Src/user_hal.c ****     LL_USART_EnableIT_TXE(puart->handler);
 412              		.loc 1 104 0 is_stmt 1
 413 0058 8123     		movs	r3, #129
 414 005a DB00     		lsls	r3, r3, #3
ARM GAS  C:\Users\strag\AppData\Local\Temp\ccQSAYvz.s 			page 12


 415 005c EF58     		ldr	r7, [r5, r3]
 416              	.LVL43:
 105:Src/user_hal.c ****     while (delay)
 417              		.loc 1 105 0
 418 005e 0833     		adds	r3, r3, #8
 419 0060 E858     		ldr	r0, [r5, r3]
 420 0062 FFF7FEFF 		bl	LL_USART_EnableIT_TXE
 421              	.LVL44:
 106:Src/user_hal.c ****     {
 422              		.loc 1 106 0
 423 0066 09E0     		b	.L29
 424              	.L30:
 109:Src/user_hal.c ****             break;
 425              		.loc 1 109 0
 426 0068 0198     		ldr	r0, [sp, #4]
 427 006a FFF7FEFF 		bl	uwBuf_UnReadLen
 428              	.LVL45:
 429 006e 0028     		cmp	r0, #0
 430 0070 06D0     		beq	.L28
 111:Src/user_hal.c ****         {
 431              		.loc 1 111 0
 432 0072 114B     		ldr	r3, .L33+4
 433 0074 1B68     		ldr	r3, [r3]
 434 0076 DB03     		lsls	r3, r3, #15
 435 0078 00D5     		bpl	.L29
 113:Src/user_hal.c ****         }
 436              		.loc 1 113 0
 437 007a 013E     		subs	r6, r6, #1
 438              	.LVL46:
 439              	.L29:
 106:Src/user_hal.c ****     {
 440              		.loc 1 106 0
 441 007c 002E     		cmp	r6, #0
 442 007e F3D1     		bne	.L30
 443              	.L28:
 117:Src/user_hal.c ****     sendlen = (puart->Sndbuf.rd - sendlen + BUF_SIZE) & BUF_SIZE;
 444              		.loc 1 117 0
 445 0080 8223     		movs	r3, #130
 446 0082 DB00     		lsls	r3, r3, #3
 447 0084 E858     		ldr	r0, [r5, r3]
 448 0086 FFF7FEFF 		bl	LL_USART_DisableIT_TXE
 449              	.LVL47:
 118:Src/user_hal.c ****     return sendlen;
 450              		.loc 1 118 0
 451 008a 8123     		movs	r3, #129
 452 008c DB00     		lsls	r3, r3, #3
 453 008e E858     		ldr	r0, [r5, r3]
 454 0090 C01B     		subs	r0, r0, r7
 455 0092 0A4B     		ldr	r3, .L33+8
 456 0094 9C46     		mov	ip, r3
 457 0096 6044     		add	r0, r0, ip
 458 0098 C005     		lsls	r0, r0, #23
 459 009a C00D     		lsrs	r0, r0, #23
 460              	.LVL48:
 119:Src/user_hal.c **** }
 461              		.loc 1 119 0
 462 009c 04E0     		b	.L24
ARM GAS  C:\Users\strag\AppData\Local\Temp\ccQSAYvz.s 			page 13


 463              	.LVL49:
 464              	.L31:
  98:Src/user_hal.c ****     for (i = 0; i < count; i++)
 465              		.loc 1 98 0
 466 009e 0120     		movs	r0, #1
 467              	.LVL50:
 468 00a0 4042     		rsbs	r0, r0, #0
 469 00a2 01E0     		b	.L24
 470              	.LVL51:
 471              	.L32:
 472 00a4 0120     		movs	r0, #1
 473 00a6 4042     		rsbs	r0, r0, #0
 474              	.LVL52:
 475              	.L24:
 120:Src/user_hal.c **** 
 476              		.loc 1 120 0
 477 00a8 03B0     		add	sp, sp, #12
 478              		@ sp needed
 479              	.LVL53:
 480              	.LVL54:
 481              	.LVL55:
 482 00aa 0CBC     		pop	{r2, r3}
 483 00ac 9046     		mov	r8, r2
 484 00ae 9946     		mov	r9, r3
 485 00b0 F0BD     		pop	{r4, r5, r6, r7, pc}
 486              	.L34:
 487 00b2 C046     		.align	2
 488              	.L33:
 489 00b4 0C040000 		.word	1036
 490 00b8 10E000E0 		.word	-536813552
 491 00bc FF010000 		.word	511
 492              		.cfi_endproc
 493              	.LFE36:
 495              		.section	.text.vIRQ_Uart_Handle,"ax",%progbits
 496              		.align	2
 497              		.global	vIRQ_Uart_Handle
 498              		.code	16
 499              		.thumb_func
 501              	vIRQ_Uart_Handle:
 502              	.LFB37:
 130:Src/user_hal.c ****     if (LL_USART_IsActiveFlag_ORE(puart->handler))
 503              		.loc 1 130 0
 504              		.cfi_startproc
 505              		@ args = 0, pretend = 0, frame = 0
 506              		@ frame_needed = 0, uses_anonymous_args = 0
 507              	.LVL56:
 508 0000 70B5     		push	{r4, r5, r6, lr}
 509              	.LCFI8:
 510              		.cfi_def_cfa_offset 16
 511              		.cfi_offset 4, -16
 512              		.cfi_offset 5, -12
 513              		.cfi_offset 6, -8
 514              		.cfi_offset 14, -4
 515 0002 0400     		movs	r4, r0
 516              	.LBB2:
 131:Src/user_hal.c ****     {
 517              		.loc 1 131 0
ARM GAS  C:\Users\strag\AppData\Local\Temp\ccQSAYvz.s 			page 14


 518 0004 8223     		movs	r3, #130
 519 0006 DB00     		lsls	r3, r3, #3
 520 0008 C058     		ldr	r0, [r0, r3]
 521              	.LVL57:
 522 000a FFF7FEFF 		bl	LL_USART_IsActiveFlag_ORE
 523              	.LVL58:
 524 000e 0028     		cmp	r0, #0
 525 0010 04D0     		beq	.L36
 526              	.LBB3:
 133:Src/user_hal.c ****     }
 527              		.loc 1 133 0
 528 0012 8223     		movs	r3, #130
 529 0014 DB00     		lsls	r3, r3, #3
 530 0016 E058     		ldr	r0, [r4, r3]
 531 0018 FFF7FEFF 		bl	LL_USART_ClearFlag_ORE
 532              	.LVL59:
 533              	.L36:
 534              	.LBE3:
 535              	.LBE2:
 536              	.LBB4:
 136:Src/user_hal.c ****         LL_USART_IsEnabledIT_RXNE(puart->handler))
 537              		.loc 1 136 0
 538 001c 8223     		movs	r3, #130
 539 001e DB00     		lsls	r3, r3, #3
 540 0020 E058     		ldr	r0, [r4, r3]
 541 0022 FFF7FEFF 		bl	LL_USART_IsActiveFlag_RXNE
 542              	.LVL60:
 543 0026 0028     		cmp	r0, #0
 544 0028 19D0     		beq	.L37
 137:Src/user_hal.c ****     {
 545              		.loc 1 137 0 discriminator 1
 546 002a 8223     		movs	r3, #130
 547 002c DB00     		lsls	r3, r3, #3
 548 002e E058     		ldr	r0, [r4, r3]
 549 0030 FFF7FEFF 		bl	LL_USART_IsEnabledIT_RXNE
 550              	.LVL61:
 136:Src/user_hal.c ****         LL_USART_IsEnabledIT_RXNE(puart->handler))
 551              		.loc 1 136 0 discriminator 1
 552 0034 0028     		cmp	r0, #0
 553 0036 12D0     		beq	.L37
 140:Src/user_hal.c ****             return;
 554              		.loc 1 140 0
 555 0038 2000     		movs	r0, r4
 556 003a FFF7FEFF 		bl	uwBuf_EmpLen
 557              	.LVL62:
 558 003e 0028     		cmp	r0, #0
 559 0040 3AD0     		beq	.L35
 560              	.LBB5:
 144:Src/user_hal.c ****             puart->Rsvbuf.wr = ++puart->Rsvbuf.wr & BUF_SIZE;
 561              		.loc 1 144 0
 562 0042 8125     		movs	r5, #129
 563 0044 AD00     		lsls	r5, r5, #2
 564 0046 6659     		ldr	r6, [r4, r5]
 565 0048 8223     		movs	r3, #130
 566 004a DB00     		lsls	r3, r3, #3
 567 004c E058     		ldr	r0, [r4, r3]
 568 004e FFF7FEFF 		bl	LL_USART_ReceiveData8
ARM GAS  C:\Users\strag\AppData\Local\Temp\ccQSAYvz.s 			page 15


 569              	.LVL63:
 570 0052 A055     		strb	r0, [r4, r6]
 145:Src/user_hal.c ****         }
 571              		.loc 1 145 0
 572 0054 6359     		ldr	r3, [r4, r5]
 573 0056 0133     		adds	r3, r3, #1
 574 0058 DB05     		lsls	r3, r3, #23
 575 005a DB0D     		lsrs	r3, r3, #23
 576 005c 6351     		str	r3, [r4, r5]
 577              	.L37:
 578              	.LBE5:
 579              	.LBE4:
 580              	.LBB6:
 149:Src/user_hal.c ****         LL_USART_IsEnabledIT_TXE(puart->handler))
 581              		.loc 1 149 0
 582 005e 8223     		movs	r3, #130
 583 0060 DB00     		lsls	r3, r3, #3
 584 0062 E058     		ldr	r0, [r4, r3]
 585 0064 FFF7FEFF 		bl	LL_USART_IsActiveFlag_TXE
 586              	.LVL64:
 587 0068 0028     		cmp	r0, #0
 588 006a 25D0     		beq	.L35
 150:Src/user_hal.c ****     {
 589              		.loc 1 150 0 discriminator 1
 590 006c 8223     		movs	r3, #130
 591 006e DB00     		lsls	r3, r3, #3
 592 0070 E058     		ldr	r0, [r4, r3]
 593 0072 FFF7FEFF 		bl	LL_USART_IsEnabledIT_TXE
 594              	.LVL65:
 149:Src/user_hal.c ****         LL_USART_IsEnabledIT_TXE(puart->handler))
 595              		.loc 1 149 0 discriminator 1
 596 0076 0028     		cmp	r0, #0
 597 0078 1ED0     		beq	.L35
 598              	.LBB7:
 152:Src/user_hal.c ****         puart->Sndbuf.rd = ++puart->Sndbuf.rd & BUF_SIZE;
 599              		.loc 1 152 0
 600 007a 8125     		movs	r5, #129
 601 007c ED00     		lsls	r5, r5, #3
 602 007e 6359     		ldr	r3, [r4, r5]
 603 0080 E318     		adds	r3, r4, r3
 604 0082 8222     		movs	r2, #130
 605 0084 9200     		lsls	r2, r2, #2
 606 0086 9446     		mov	ip, r2
 607 0088 6344     		add	r3, r3, ip
 608 008a 1978     		ldrb	r1, [r3]
 609 008c 8223     		movs	r3, #130
 610 008e DB00     		lsls	r3, r3, #3
 611 0090 E058     		ldr	r0, [r4, r3]
 612 0092 FFF7FEFF 		bl	LL_USART_TransmitData8
 613              	.LVL66:
 153:Src/user_hal.c ****         if (uwBuf_UnReadLen(&puart->Sndbuf) == 0)
 614              		.loc 1 153 0
 615 0096 6359     		ldr	r3, [r4, r5]
 616 0098 0133     		adds	r3, r3, #1
 617 009a DB05     		lsls	r3, r3, #23
 618 009c DB0D     		lsrs	r3, r3, #23
 619 009e 6351     		str	r3, [r4, r5]
ARM GAS  C:\Users\strag\AppData\Local\Temp\ccQSAYvz.s 			page 16


 154:Src/user_hal.c ****         {
 620              		.loc 1 154 0
 621 00a0 8223     		movs	r3, #130
 622 00a2 9B00     		lsls	r3, r3, #2
 623 00a4 E018     		adds	r0, r4, r3
 624 00a6 FFF7FEFF 		bl	uwBuf_UnReadLen
 625              	.LVL67:
 626 00aa 0028     		cmp	r0, #0
 627 00ac 04D1     		bne	.L35
 628              	.LBB8:
 156:Src/user_hal.c ****         }
 629              		.loc 1 156 0
 630 00ae 8223     		movs	r3, #130
 631 00b0 DB00     		lsls	r3, r3, #3
 632 00b2 E058     		ldr	r0, [r4, r3]
 633 00b4 FFF7FEFF 		bl	LL_USART_DisableIT_TXE
 634              	.LVL68:
 635              	.L35:
 636              	.LBE8:
 637              	.LBE7:
 638              	.LBE6:
 159:Src/user_hal.c **** 
 639              		.loc 1 159 0
 640              		@ sp needed
 641              	.LVL69:
 642 00b8 70BD     		pop	{r4, r5, r6, pc}
 643              		.cfi_endproc
 644              	.LFE37:
 646              		.comm	UART_GPRS,1044,4
 647 00ba C046     		.text
 648              	.Letext0:
 649              		.file 2 "d:\\gcc-arm-none-eabi-5_4-2016q3-20160926-win32\\arm-none-eabi\\include\\machine\\_defaul
 650              		.file 3 "d:\\gcc-arm-none-eabi-5_4-2016q3-20160926-win32\\arm-none-eabi\\include\\sys\\_stdint.h"
 651              		.file 4 "Drivers/CMSIS/Include/core_cm0.h"
 652              		.file 5 "Drivers/CMSIS/Device/ST/STM32F0xx/Include/stm32f070x6.h"
 653              		.file 6 "Inc/user_hal.h"
 654              		.file 7 "<built-in>"
ARM GAS  C:\Users\strag\AppData\Local\Temp\ccQSAYvz.s 			page 17


DEFINED SYMBOLS
                            *ABS*:00000000 user_hal.c
C:\Users\strag\AppData\Local\Temp\ccQSAYvz.s:21     .text.uwBuf_EmpLen:00000000 $t
C:\Users\strag\AppData\Local\Temp\ccQSAYvz.s:25     .text.uwBuf_EmpLen:00000000 uwBuf_EmpLen
C:\Users\strag\AppData\Local\Temp\ccQSAYvz.s:60     .text.uwBuf_EmpLen:00000020 $d
C:\Users\strag\AppData\Local\Temp\ccQSAYvz.s:65     .text.uwBuf_UnReadLen:00000000 $t
C:\Users\strag\AppData\Local\Temp\ccQSAYvz.s:69     .text.uwBuf_UnReadLen:00000000 uwBuf_UnReadLen
C:\Users\strag\AppData\Local\Temp\ccQSAYvz.s:103    .text.uwBuf_UnReadLen:00000020 $d
C:\Users\strag\AppData\Local\Temp\ccQSAYvz.s:108    .text.vUartHal_Init:00000000 $t
C:\Users\strag\AppData\Local\Temp\ccQSAYvz.s:113    .text.vUartHal_Init:00000000 vUartHal_Init
C:\Users\strag\AppData\Local\Temp\ccQSAYvz.s:167    .text.vUartHal_Init:0000003c $d
                            *COM*:00000414 UART_GPRS
C:\Users\strag\AppData\Local\Temp\ccQSAYvz.s:175    .text.Uart_Read_IT:00000000 $t
C:\Users\strag\AppData\Local\Temp\ccQSAYvz.s:180    .text.Uart_Read_IT:00000000 Uart_Read_IT
C:\Users\strag\AppData\Local\Temp\ccQSAYvz.s:323    .text.Uart_Read_IT:0000008c $d
C:\Users\strag\AppData\Local\Temp\ccQSAYvz.s:329    .text.Uart_Write_IT:00000000 $t
C:\Users\strag\AppData\Local\Temp\ccQSAYvz.s:334    .text.Uart_Write_IT:00000000 Uart_Write_IT
C:\Users\strag\AppData\Local\Temp\ccQSAYvz.s:489    .text.Uart_Write_IT:000000b4 $d
C:\Users\strag\AppData\Local\Temp\ccQSAYvz.s:496    .text.vIRQ_Uart_Handle:00000000 $t
C:\Users\strag\AppData\Local\Temp\ccQSAYvz.s:501    .text.vIRQ_Uart_Handle:00000000 vIRQ_Uart_Handle
                     .debug_frame:00000010 $d

UNDEFINED SYMBOLS
__aeabi_uidivmod
memset
LL_USART_EnableIT_RXNE
LL_USART_DisableIT_RXNE
LL_USART_EnableIT_TXE
LL_USART_DisableIT_TXE
LL_USART_IsActiveFlag_ORE
LL_USART_ClearFlag_ORE
LL_USART_IsActiveFlag_RXNE
LL_USART_IsEnabledIT_RXNE
LL_USART_ReceiveData8
LL_USART_IsActiveFlag_TXE
LL_USART_IsEnabledIT_TXE
LL_USART_TransmitData8
